[2019-11-25 04:35:16] UTN FRA LOGGER.INFO: metodo=POST, URI=http%3A%2F%2Flocalhost%2Fsp%2Fpublic, RUTA=users%2F, autoridad=localhost [] {"uid":"7d32c95"}
[2019-11-25 04:36:47] UTN FRA LOGGER.INFO: metodo=POST, URI=http%3A%2F%2Flocalhost%2Fsp%2Fpublic, RUTA=users%2F, autoridad=localhost [] {"uid":"991cef2"}
[2019-11-25 04:36:54] UTN FRA LOGGER.INFO: metodo=POST, URI=http%3A%2F%2Flocalhost%2Fsp%2Fpublic, RUTA=users%2F, autoridad=localhost [] {"uid":"184c3ff"}
[2019-11-25 04:39:43] UTN FRA LOGGER.INFO: metodo=POST, URI=http%3A%2F%2Flocalhost%2Fsp%2Fpublic, RUTA=users%2F, autoridad=localhost [] {"uid":"a635565"}
[2019-11-25 04:51:23] UTN FRA LOGGER.INFO: metodo=POST, URI=http%3A%2F%2Flocalhost%2Fsp%2Fpublic, RUTA=login, autoridad=localhost [] {"uid":"41de744"}
[2019-11-25 04:51:59] UTN FRA LOGGER.INFO: metodo=POST, URI=http%3A%2F%2Flocalhost%2Fsp%2Fpublic, RUTA=login, autoridad=localhost [] {"uid":"411fca9"}
[2019-11-25 04:52:32] UTN FRA LOGGER.INFO: metodo=POST, URI=http%3A%2F%2Flocalhost%2Fsp%2Fpublic, RUTA=login, autoridad=localhost [] {"uid":"02179f1"}
[2019-11-25 04:53:10] UTN FRA LOGGER.INFO: metodo=POST, URI=http%3A%2F%2Flocalhost%2Fsp%2Fpublic, RUTA=login, autoridad=localhost [] {"uid":"07a2a6c"}
[2019-11-25 04:53:50] UTN FRA LOGGER.INFO: metodo=POST, URI=http%3A%2F%2Flocalhost%2Fsp%2Fpublic, RUTA=login, autoridad=localhost [] {"uid":"3992a63"}
[2019-11-25 04:54:13] UTN FRA LOGGER.INFO: metodo=POST, URI=http%3A%2F%2Flocalhost%2Fsp%2Fpublic, RUTA=login, autoridad=localhost [] {"uid":"bab2bc5"}
[2019-11-25 04:54:53] UTN FRA LOGGER.INFO: metodo=POST, URI=http%3A%2F%2Flocalhost%2Fsp%2Fpublic, RUTA=login, autoridad=localhost [] {"uid":"1ec3134"}
[2019-11-25 04:55:46] UTN FRA LOGGER.INFO: metodo=POST, URI=http%3A%2F%2Flocalhost%2Fsp%2Fpublic, RUTA=login, autoridad=localhost [] {"uid":"07515fa"}
[2019-11-25 04:55:58] UTN FRA LOGGER.INFO: metodo=POST, URI=http%3A%2F%2Flocalhost%2Fsp%2Fpublic, RUTA=login, autoridad=localhost [] {"uid":"ae15bae"}
[2019-11-25 05:09:54] UTN FRA LOGGER.INFO: metodo=PUT, URI=http%3A%2F%2Flocalhost%2Fsp%2Fpublic, RUTA=login, autoridad=localhost [] {"uid":"0b950b7"}
[2019-11-25 05:10:13] UTN FRA LOGGER.INFO: metodo=PUT, URI=http%3A%2F%2Flocalhost%2Fsp%2Fpublic, RUTA=login, autoridad=localhost [] {"uid":"dcaa84a"}
[2019-11-25 05:11:15] UTN FRA LOGGER.INFO: metodo=PUT, URI=http%3A%2F%2Flocalhost%2Fsp%2Fpublic, RUTA=login, autoridad=localhost [] {"uid":"9c85bea"}
[2019-11-25 05:11:21] UTN FRA LOGGER.INFO: metodo=POST, URI=http%3A%2F%2Flocalhost%2Fsp%2Fpublic, RUTA=login, autoridad=localhost [] {"uid":"6af88a8"}
[2019-11-25 05:12:11] UTN FRA LOGGER.INFO: metodo=PUT, URI=http%3A%2F%2Flocalhost%2Fsp%2Fpublic, RUTA=ingreso, autoridad=localhost [] {"uid":"ee590eb"}
[2019-11-25 05:12:43] UTN FRA LOGGER.INFO: metodo=PUT, URI=http%3A%2F%2Flocalhost%2Fsp%2Fpublic, RUTA=ingreso%2F, autoridad=localhost [] {"uid":"401a969"}
[2019-11-25 05:13:01] UTN FRA LOGGER.INFO: metodo=POST, URI=http%3A%2F%2Flocalhost%2Fsp%2Fpublic, RUTA=ingreso%2F, autoridad=localhost [] {"uid":"35fc5af"}
[2019-11-25 05:14:14] UTN FRA LOGGER.INFO: metodo=POST, URI=http%3A%2F%2Flocalhost%2Fsp%2Fpublic, RUTA=ingreso%2F, autoridad=localhost [] {"uid":"e02ed9c"}
[2019-11-25 05:14:59] UTN FRA LOGGER.INFO: metodo=POST, URI=http%3A%2F%2Flocalhost%2Fsp%2Fpublic, RUTA=ingreso%2F, autoridad=localhost [] {"uid":"d35139b"}
[2019-11-25 05:17:14] UTN FRA LOGGER.INFO: metodo=POST, URI=http%3A%2F%2Flocalhost%2Fsp%2Fpublic, RUTA=ingreso%2F, autoridad=localhost [] {"uid":"8a22cae"}
[2019-11-25 05:17:50] UTN FRA LOGGER.INFO: metodo=POST, URI=http%3A%2F%2Flocalhost%2Fsp%2Fpublic, RUTA=ingreso%2F, autoridad=localhost [] {"uid":"e8993e0"}
[2019-11-25 05:18:40] UTN FRA LOGGER.INFO: metodo=POST, URI=http%3A%2F%2Flocalhost%2Fsp%2Fpublic, RUTA=ingreso%2F, autoridad=localhost [] {"uid":"b4eaea8"}
[2019-11-25 05:19:49] UTN FRA LOGGER.INFO: metodo=POST, URI=http%3A%2F%2Flocalhost%2Fsp%2Fpublic, RUTA=ingreso%2F, autoridad=localhost [] {"uid":"c47332c"}
[2019-11-25 05:21:45] UTN FRA LOGGER.INFO: metodo=POST, URI=http%3A%2F%2Flocalhost%2Fsp%2Fpublic, RUTA=ingreso%2F, autoridad=localhost [] {"uid":"27592ad"}
[2019-11-25 05:24:07] UTN FRA LOGGER.INFO: metodo=POST, URI=http%3A%2F%2Flocalhost%2Fsp%2Fpublic, RUTA=ingreso%2F, autoridad=localhost [] {"uid":"2eaa93f"}
[2019-11-25 05:24:24] UTN FRA LOGGER.INFO: metodo=POST, URI=http%3A%2F%2Flocalhost%2Fsp%2Fpublic, RUTA=ingreso%2F, autoridad=localhost [] {"uid":"ebd06f8"}
[2019-11-25 05:24:59] UTN FRA LOGGER.INFO: metodo=POST, URI=http%3A%2F%2Flocalhost%2Fsp%2Fpublic, RUTA=ingreso%2F, autoridad=localhost [] {"uid":"6e9ee7f"}
[2019-11-25 05:25:57] UTN FRA LOGGER.INFO: metodo=POST, URI=http%3A%2F%2Flocalhost%2Fsp%2Fpublic, RUTA=ingreso%2F, autoridad=localhost [] {"uid":"6f6b2ee"}
[2019-11-25 05:28:08] UTN FRA LOGGER.INFO: metodo=POST, URI=http%3A%2F%2Flocalhost%2Fsp%2Fpublic, RUTA=ingreso%2F, autoridad=localhost [] {"uid":"88e114d"}
[2019-11-25 05:28:24] UTN FRA LOGGER.INFO: metodo=POST, URI=http%3A%2F%2Flocalhost%2Fsp%2Fpublic, RUTA=ingreso%2F, autoridad=localhost [] {"uid":"6c38f23"}
[2019-11-25 05:29:30] UTN FRA LOGGER.INFO: metodo=POST, URI=http%3A%2F%2Flocalhost%2Fsp%2Fpublic, RUTA=ingreso%2F, autoridad=localhost [] {"uid":"79155aa"}
[2019-11-25 05:29:58] UTN FRA LOGGER.INFO: metodo=POST, URI=http%3A%2F%2Flocalhost%2Fsp%2Fpublic, RUTA=ingreso%2F, autoridad=localhost [] {"uid":"596d42b"}
[2019-11-25 05:35:35] UTN FRA LOGGER.INFO: metodo=POST, URI=http%3A%2F%2Flocalhost%2Fsp%2Fpublic, RUTA=ingreso%2F, autoridad=localhost [] {"uid":"d0bafa0"}
[2019-11-25 05:36:02] UTN FRA LOGGER.INFO: metodo=POST, URI=http%3A%2F%2Flocalhost%2Fsp%2Fpublic, RUTA=ingreso%2F, autoridad=localhost [] {"uid":"ee5c575"}
[2019-11-25 05:36:07] UTN FRA LOGGER.INFO: metodo=POST, URI=http%3A%2F%2Flocalhost%2Fsp%2Fpublic, RUTA=ingreso%2F, autoridad=localhost [] {"uid":"b307503"}
[2019-11-25 05:36:14] UTN FRA LOGGER.INFO: metodo=POST, URI=http%3A%2F%2Flocalhost%2Fsp%2Fpublic, RUTA=ingreso%2F, autoridad=localhost [] {"uid":"c500b10"}
[2019-11-25 05:36:19] UTN FRA LOGGER.INFO: metodo=POST, URI=http%3A%2F%2Flocalhost%2Fsp%2Fpublic, RUTA=ingreso%2F, autoridad=localhost [] {"uid":"92a46fa"}
[2019-11-25 05:47:31] UTN FRA LOGGER.INFO: metodo=POST, URI=http%3A%2F%2Flocalhost%2Fsp%2Fpublic, RUTA=ingreso%2F, autoridad=localhost [] {"uid":"16115b0"}
[2019-11-25 05:50:07] UTN FRA LOGGER.INFO: metodo=POST, URI=http%3A%2F%2Flocalhost%2Fsp%2Fpublic, RUTA=ingreso%2F, autoridad=localhost [] {"uid":"ec43740"}
[2019-11-25 05:50:26] UTN FRA LOGGER.INFO: metodo=POST, URI=http%3A%2F%2Flocalhost%2Fsp%2Fpublic, RUTA=ingreso%2F, autoridad=localhost [] {"uid":"8614bbd"}
[2019-11-25 05:50:28] UTN FRA LOGGER.INFO: metodo=POST, URI=http%3A%2F%2Flocalhost%2Fsp%2Fpublic, RUTA=ingreso%2F, autoridad=localhost [] {"uid":"816fa07"}
[2019-11-25 05:50:58] UTN FRA LOGGER.INFO: metodo=POST, URI=http%3A%2F%2Flocalhost%2Fsp%2Fpublic, RUTA=ingreso%2F, autoridad=localhost [] {"uid":"6980126"}
[2019-11-25 05:51:09] UTN FRA LOGGER.INFO: metodo=POST, URI=http%3A%2F%2Flocalhost%2Fsp%2Fpublic, RUTA=ingreso%2F, autoridad=localhost [] {"uid":"2c896d5"}
[2019-11-25 05:51:57] UTN FRA LOGGER.INFO: metodo=POST, URI=http%3A%2F%2Flocalhost%2Fsp%2Fpublic, RUTA=ingreso%2F, autoridad=localhost [] {"uid":"dc22f53"}
[2019-11-25 06:01:14] UTN FRA LOGGER.INFO: metodo=POST, URI=http%3A%2F%2Flocalhost%2Fsp%2Fpublic, RUTA=ingreso%2F, autoridad=localhost [] {"uid":"7287913"}
[2019-11-25 06:01:22] UTN FRA LOGGER.INFO: metodo=POST, URI=http%3A%2F%2Flocalhost%2Fsp%2Fpublic, RUTA=egreso%2F, autoridad=localhost [] {"uid":"3abad08"}
[2019-11-25 06:01:29] UTN FRA LOGGER.INFO: metodo=POST, URI=http%3A%2F%2Flocalhost%2Fsp%2Fpublic, RUTA=egreso%2F, autoridad=localhost [] {"uid":"b7439c8"}
[2019-11-25 06:01:47] UTN FRA LOGGER.INFO: metodo=POST, URI=http%3A%2F%2Flocalhost%2Fsp%2Fpublic, RUTA=egreso%2F, autoridad=localhost [] {"uid":"ebf13cb"}
[2019-11-25 06:08:52] UTN FRA LOGGER.INFO: metodo=GET, URI=http%3A%2F%2Flocalhost%2Fsp%2Fpublic, RUTA=ingreso%2F, autoridad=localhost [] {"uid":"887307f"}
[2019-11-25 06:09:22] UTN FRA LOGGER.INFO: metodo=GET, URI=http%3A%2F%2Flocalhost%2Fsp%2Fpublic, RUTA=ingreso%2F, autoridad=localhost [] {"uid":"3218e14"}
[2019-11-25 06:10:25] UTN FRA LOGGER.INFO: metodo=GET, URI=http%3A%2F%2Flocalhost%2Fsp%2Fpublic, RUTA=ingreso%2F, autoridad=localhost [] {"uid":"6d458a5"}
[2019-11-25 06:10:52] UTN FRA LOGGER.INFO: metodo=GET, URI=http%3A%2F%2Flocalhost%2Fsp%2Fpublic, RUTA=ingreso%2F, autoridad=localhost [] {"uid":"f52b5dc"}
[2019-11-25 06:12:13] UTN FRA LOGGER.INFO: metodo=GET, URI=http%3A%2F%2Flocalhost%2Fsp%2Fpublic, RUTA=ingreso%2F, autoridad=localhost [] {"uid":"0154ebe"}
[2019-11-25 06:13:28] UTN FRA LOGGER.INFO: metodo=GET, URI=http%3A%2F%2Flocalhost%2Fsp%2Fpublic, RUTA=ingreso%2F, autoridad=localhost [] {"uid":"a3890ac"}
[2019-11-25 06:13:51] UTN FRA LOGGER.INFO: metodo=POST, URI=http%3A%2F%2Flocalhost%2Fsp%2Fpublic, RUTA=users%2F, autoridad=localhost [] {"uid":"f296f64"}
[2019-11-25 06:13:55] UTN FRA LOGGER.INFO: metodo=POST, URI=http%3A%2F%2Flocalhost%2Fsp%2Fpublic, RUTA=login, autoridad=localhost [] {"uid":"2060453"}
[2019-11-25 06:14:09] UTN FRA LOGGER.INFO: metodo=GET, URI=http%3A%2F%2Flocalhost%2Fsp%2Fpublic, RUTA=ingreso%2F, autoridad=localhost [] {"uid":"055e7c7"}
