[2019-06-13 14:22:41] UTN FRA LOGGER.INFO: ::1 [] {"uid":"ecfba35"}
[2019-06-13 14:23:14] UTN FRA LOGGER.INFO: ip :::1 [] {"uid":"f1af206"}
[2019-06-13 14:31:21] UTN FRA LOGGER.INFO: info  =Mozilla/5.0 (X11; Linux x86_64) AppleWebKit/537.36 (KHTML, like Gecko) Chrome/73.0.3683.86 Safari/537.36 [] {"uid":"2676799"}
[2019-06-13 14:31:21] UTN FRA LOGGER.INFO: ip =::1 [] {"uid":"2676799"}
[2019-06-13 14:33:01] UTN FRA LOGGER.INFO: info  =PostmanRuntime/7.1.1 [] {"uid":"1c0e970"}
[2019-06-13 14:33:01] UTN FRA LOGGER.INFO: ip =::1 [] {"uid":"1c0e970"}
[2019-06-13 14:33:04] UTN FRA LOGGER.INFO: info  =PostmanRuntime/7.1.1 [] {"uid":"e0a490b"}
[2019-06-13 14:33:04] UTN FRA LOGGER.INFO: ip =::1 [] {"uid":"e0a490b"}
[2019-06-13 14:33:08] UTN FRA LOGGER.INFO: info  =PostmanRuntime/7.1.1 [] {"uid":"5792b8b"}
[2019-06-13 14:33:08] UTN FRA LOGGER.INFO: ip =::1 [] {"uid":"5792b8b"}
[2019-06-13 14:33:14] UTN FRA LOGGER.INFO: info  =PostmanRuntime/7.1.1 [] {"uid":"c3f3041"}
[2019-06-13 14:33:14] UTN FRA LOGGER.INFO: ip =::1 [] {"uid":"c3f3041"}
[2019-06-13 14:41:27] UTN FRA LOGGER.INFO: info  =Mozilla/5.0 (X11; Linux x86_64; rv:60.0) Gecko/20100101 Firefox/60.0 [] {"uid":"d971c69"}
[2019-06-13 14:41:27] UTN FRA LOGGER.INFO: ip =127.0.0.1 [] {"uid":"d971c69"}
[2019-06-13 14:46:20] UTN FRA LOGGER.INFO: info  =Mozilla/5.0 (X11; Linux x86_64; rv:60.0) Gecko/20100101 Firefox/60.0 [] {"uid":"01737b9"}
[2019-06-13 14:46:20] UTN FRA LOGGER.INFO: ip =127.0.0.1 [] {"uid":"01737b9"}
[2019-06-13 14:48:37] UTN FRA LOGGER.INFO: info  =Mozilla/5.0 (X11; Linux x86_64) AppleWebKit/537.36 (KHTML, like Gecko) Chrome/50.0.2661.76 YaBrowser/16.6.0.6383 (beta) Safari/537.36 [] {"uid":"5d9f7e5"}
[2019-06-13 14:48:37] UTN FRA LOGGER.INFO: ip =::1 [] {"uid":"5d9f7e5"}
[2019-06-13 14:48:52] UTN FRA LOGGER.INFO: info  =Mozilla/5.0 (X11; Linux x86_64) AppleWebKit/537.36 (KHTML, like Gecko) Chrome/50.0.2661.76 YaBrowser/16.6.0.6383 (beta) Safari/537.36 [] {"uid":"f6cdba9"}
[2019-06-13 14:48:52] UTN FRA LOGGER.INFO: ip =::1 [] {"uid":"f6cdba9"}
[2019-06-13 14:48:59] UTN FRA LOGGER.INFO: info  =Mozilla/5.0 (X11; Linux x86_64) AppleWebKit/537.36 (KHTML, like Gecko) Chrome/50.0.2661.76 YaBrowser/16.6.0.6383 (beta) Safari/537.36 [] {"uid":"7fb9fe5"}
[2019-06-13 14:48:59] UTN FRA LOGGER.INFO: ip =::1 [] {"uid":"7fb9fe5"}
[2019-06-13 14:50:12] UTN FRA LOGGER.INFO: info  =Mozilla/5.0 (X11; Linux x86_64) AppleWebKit/537.36 (KHTML, like Gecko) Chrome/71.0.3578.98 Safari/537.36 OPR/58.0.3135.107 [] {"uid":"05adba9"}
[2019-06-13 14:50:13] UTN FRA LOGGER.INFO: ip =::1 [] {"uid":"05adba9"}
[2019-06-13 14:51:49] UTN FRA LOGGER.INFO: info  =Mozilla/5.0 (X11; Linux x86_64) AppleWebKit/537.36 (KHTML, like Gecko) Chrome/73.0.3683.86 Safari/537.36 [] {"uid":"4869fa1"}
[2019-06-13 14:51:49] UTN FRA LOGGER.INFO: ip =::1 [] {"uid":"4869fa1"}
[2019-06-13 14:52:04] UTN FRA LOGGER.INFO: info  =PostmanRuntime/7.1.1 [] {"uid":"955f892"}
[2019-06-13 14:52:04] UTN FRA LOGGER.INFO: ip =::1 [] {"uid":"955f892"}
[2019-06-13 14:52:24] UTN FRA LOGGER.INFO: Datos  =PostmanRuntime/7.1.1 [] {"uid":"3d3557f"}
[2019-06-13 14:52:24] UTN FRA LOGGER.INFO: ip =::1 [] {"uid":"3d3557f"}
[2019-06-13 14:52:34] UTN FRA LOGGER.INFO: Datos  =Mozilla/5.0 (X11; Linux x86_64) AppleWebKit/537.36 (KHTML, like Gecko) Chrome/71.0.3578.98 Safari/537.36 OPR/58.0.3135.107 [] {"uid":"521a87e"}
[2019-06-13 14:52:34] UTN FRA LOGGER.INFO: ip =::1 [] {"uid":"521a87e"}
[2019-06-13 14:54:41] UTN FRA LOGGER.INFO: Datos  =Mozilla/5.0 (X11; Linux x86_64) AppleWebKit/537.36 (KHTML, like Gecko) Chrome/73.0.3683.86 Safari/537.36 [] {"uid":"15b9fd3"}
[2019-06-13 14:54:41] UTN FRA LOGGER.INFO: ip =::1 [] {"uid":"15b9fd3"}
[2019-06-13 15:40:36] UTN FRA LOGGER.INFO: Datos  =Mozilla/5.0 (X11; Linux x86_64) AppleWebKit/537.36 (KHTML, like Gecko) Chrome/73.0.3683.86 Safari/537.36 [] {"uid":"bbb9226"}
[2019-06-13 15:40:36] UTN FRA LOGGER.INFO: ip =::1 [] {"uid":"bbb9226"}
[2019-06-13 15:40:42] UTN FRA LOGGER.INFO: Datos  =Mozilla/5.0 (X11; Linux x86_64) AppleWebKit/537.36 (KHTML, like Gecko) Chrome/73.0.3683.86 Safari/537.36 [] {"uid":"d5105f7"}
[2019-06-13 15:40:42] UTN FRA LOGGER.INFO: ip =::1 [] {"uid":"d5105f7"}
[2019-06-13 15:41:29] UTN FRA LOGGER.INFO: Datos  =Mozilla/5.0 (X11; Linux x86_64) AppleWebKit/537.36 (KHTML, like Gecko) Chrome/73.0.3683.86 Safari/537.36 [] {"uid":"e12c6d8"}
[2019-06-13 15:41:29] UTN FRA LOGGER.INFO: ip =::1 [] {"uid":"e12c6d8"}
[2019-06-13 15:42:30] UTN FRA LOGGER.INFO: Datos  =Mozilla/5.0 (X11; Linux x86_64) AppleWebKit/537.36 (KHTML, like Gecko) Chrome/73.0.3683.86 Safari/537.36 [] {"uid":"36ef6fa"}
[2019-06-13 15:42:30] UTN FRA LOGGER.INFO: ip =::1 [] {"uid":"36ef6fa"}
[2019-06-13 15:45:52] UTN FRA LOGGER.INFO: Datos  =Mozilla/5.0 (X11; Linux x86_64) AppleWebKit/537.36 (KHTML, like Gecko) Chrome/73.0.3683.86 Safari/537.36 [] {"uid":"452e00c"}
[2019-06-13 15:45:52] UTN FRA LOGGER.INFO: ip =::1 [] {"uid":"452e00c"}
[2019-06-13 15:46:48] UTN FRA LOGGER.INFO: Datos  =Mozilla/5.0 (X11; Linux x86_64) AppleWebKit/537.36 (KHTML, like Gecko) Chrome/73.0.3683.86 Safari/537.36 [] {"uid":"accaf17"}
[2019-06-13 15:46:48] UTN FRA LOGGER.INFO: ip =::1 [] {"uid":"accaf17"}
[2019-06-13 15:46:49] UTN FRA LOGGER.INFO: Datos  =Mozilla/5.0 (X11; Linux x86_64) AppleWebKit/537.36 (KHTML, like Gecko) Chrome/73.0.3683.86 Safari/537.36 [] {"uid":"2977b9f"}
[2019-06-13 15:46:49] UTN FRA LOGGER.INFO: ip =::1 [] {"uid":"2977b9f"}
[2019-06-13 15:46:50] UTN FRA LOGGER.INFO: Datos  =Mozilla/5.0 (X11; Linux x86_64) AppleWebKit/537.36 (KHTML, like Gecko) Chrome/73.0.3683.86 Safari/537.36 [] {"uid":"5b1fbcd"}
[2019-06-13 15:46:50] UTN FRA LOGGER.INFO: ip =::1 [] {"uid":"5b1fbcd"}
[2019-06-13 15:47:05] UTN FRA LOGGER.INFO: Datos  =Mozilla/5.0 (X11; Linux x86_64) AppleWebKit/537.36 (KHTML, like Gecko) Chrome/73.0.3683.86 Safari/537.36 [] {"uid":"618e906"}
[2019-06-13 15:47:05] UTN FRA LOGGER.INFO: ip =::1 [] {"uid":"618e906"}
[2019-06-13 15:47:10] UTN FRA LOGGER.INFO: Datos  =Mozilla/5.0 (X11; Linux x86_64) AppleWebKit/537.36 (KHTML, like Gecko) Chrome/73.0.3683.86 Safari/537.36 [] {"uid":"e6f850c"}
[2019-06-13 15:47:10] UTN FRA LOGGER.INFO: ip =::1 [] {"uid":"e6f850c"}
[2019-06-13 15:47:16] UTN FRA LOGGER.INFO: Datos  =Mozilla/5.0 (X11; Linux x86_64) AppleWebKit/537.36 (KHTML, like Gecko) Chrome/73.0.3683.86 Safari/537.36 [] {"uid":"6080469"}
[2019-06-13 15:47:16] UTN FRA LOGGER.INFO: ip =::1 [] {"uid":"6080469"}
[2019-06-13 15:47:52] UTN FRA LOGGER.INFO: Datos  =Mozilla/5.0 (X11; Linux x86_64) AppleWebKit/537.36 (KHTML, like Gecko) Chrome/73.0.3683.86 Safari/537.36 [] {"uid":"be829a8"}
[2019-06-13 15:47:52] UTN FRA LOGGER.INFO: ip =::1 [] {"uid":"be829a8"}
[2019-06-13 15:47:55] UTN FRA LOGGER.INFO: Datos  =Mozilla/5.0 (X11; Linux x86_64) AppleWebKit/537.36 (KHTML, like Gecko) Chrome/73.0.3683.86 Safari/537.36 [] {"uid":"8f497ca"}
[2019-06-13 15:47:55] UTN FRA LOGGER.INFO: ip =::1 [] {"uid":"8f497ca"}
[2019-06-13 15:48:12] UTN FRA LOGGER.INFO: Datos  =Mozilla/5.0 (X11; Linux x86_64) AppleWebKit/537.36 (KHTML, like Gecko) Chrome/73.0.3683.86 Safari/537.36 [] {"uid":"9e48c5a"}
[2019-06-13 15:48:12] UTN FRA LOGGER.INFO: ip =::1 [] {"uid":"9e48c5a"}
[2019-06-13 15:48:15] UTN FRA LOGGER.INFO: Datos  =Mozilla/5.0 (X11; Linux x86_64) AppleWebKit/537.36 (KHTML, like Gecko) Chrome/73.0.3683.86 Safari/537.36 [] {"uid":"b916695"}
[2019-06-13 15:48:15] UTN FRA LOGGER.INFO: ip =::1 [] {"uid":"b916695"}
[2019-06-13 15:50:55] UTN FRA LOGGER.INFO: Datos  =Mozilla/5.0 (X11; Linux x86_64) AppleWebKit/537.36 (KHTML, like Gecko) Chrome/73.0.3683.86 Safari/537.36 [] {"uid":"1dd5fc6"}
[2019-06-13 15:50:55] UTN FRA LOGGER.INFO: ip =::1 [] {"uid":"1dd5fc6"}
[2019-06-13 15:51:28] UTN FRA LOGGER.INFO: Datos  =Mozilla/5.0 (X11; Linux x86_64) AppleWebKit/537.36 (KHTML, like Gecko) Chrome/73.0.3683.86 Safari/537.36 [] {"uid":"458c08c"}
[2019-06-13 15:51:28] UTN FRA LOGGER.INFO: ip =::1 [] {"uid":"458c08c"}
[2019-06-13 15:51:33] UTN FRA LOGGER.INFO: Datos  =Mozilla/5.0 (X11; Linux x86_64) AppleWebKit/537.36 (KHTML, like Gecko) Chrome/73.0.3683.86 Safari/537.36 [] {"uid":"c57b200"}
[2019-06-13 15:51:33] UTN FRA LOGGER.INFO: ip =::1 [] {"uid":"c57b200"}
[2019-06-13 15:53:23] UTN FRA LOGGER.INFO: Datos  =Mozilla/5.0 (X11; Linux x86_64) AppleWebKit/537.36 (KHTML, like Gecko) Chrome/73.0.3683.86 Safari/537.36 [] {"uid":"903207f"}
[2019-06-13 15:53:23] UTN FRA LOGGER.INFO: ip =::1 [] {"uid":"903207f"}
[2019-06-13 15:53:26] UTN FRA LOGGER.INFO: Datos  =Mozilla/5.0 (X11; Linux x86_64) AppleWebKit/537.36 (KHTML, like Gecko) Chrome/73.0.3683.86 Safari/537.36 [] {"uid":"3a71660"}
[2019-06-13 15:53:26] UTN FRA LOGGER.INFO: ip =::1 [] {"uid":"3a71660"}
[2019-06-13 15:54:00] UTN FRA LOGGER.INFO: Datos  =Mozilla/5.0 (X11; Linux x86_64) AppleWebKit/537.36 (KHTML, like Gecko) Chrome/73.0.3683.86 Safari/537.36 [] {"uid":"b363313"}
[2019-06-13 15:54:00] UTN FRA LOGGER.INFO: ip =::1 [] {"uid":"b363313"}
[2019-06-13 15:54:01] UTN FRA LOGGER.INFO: Datos  =Mozilla/5.0 (X11; Linux x86_64) AppleWebKit/537.36 (KHTML, like Gecko) Chrome/73.0.3683.86 Safari/537.36 [] {"uid":"a1ab03e"}
[2019-06-13 15:54:01] UTN FRA LOGGER.INFO: ip =::1 [] {"uid":"a1ab03e"}
[2019-06-13 15:54:01] UTN FRA LOGGER.INFO: Datos  =Mozilla/5.0 (X11; Linux x86_64) AppleWebKit/537.36 (KHTML, like Gecko) Chrome/73.0.3683.86 Safari/537.36 [] {"uid":"74bb1fc"}
[2019-06-13 15:54:01] UTN FRA LOGGER.INFO: ip =::1 [] {"uid":"74bb1fc"}
[2019-06-13 15:54:01] UTN FRA LOGGER.INFO: Datos  =Mozilla/5.0 (X11; Linux x86_64) AppleWebKit/537.36 (KHTML, like Gecko) Chrome/73.0.3683.86 Safari/537.36 [] {"uid":"e07b9d7"}
[2019-06-13 15:54:01] UTN FRA LOGGER.INFO: ip =::1 [] {"uid":"e07b9d7"}
[2019-06-13 15:54:01] UTN FRA LOGGER.INFO: Datos  =Mozilla/5.0 (X11; Linux x86_64) AppleWebKit/537.36 (KHTML, like Gecko) Chrome/73.0.3683.86 Safari/537.36 [] {"uid":"b3e7a0b"}
[2019-06-13 15:54:01] UTN FRA LOGGER.INFO: ip =::1 [] {"uid":"b3e7a0b"}
[2019-06-13 15:54:02] UTN FRA LOGGER.INFO: Datos  =Mozilla/5.0 (X11; Linux x86_64) AppleWebKit/537.36 (KHTML, like Gecko) Chrome/73.0.3683.86 Safari/537.36 [] {"uid":"e6fa77e"}
[2019-06-13 15:54:02] UTN FRA LOGGER.INFO: ip =::1 [] {"uid":"e6fa77e"}
[2019-06-13 15:54:02] UTN FRA LOGGER.INFO: Datos  =Mozilla/5.0 (X11; Linux x86_64) AppleWebKit/537.36 (KHTML, like Gecko) Chrome/73.0.3683.86 Safari/537.36 [] {"uid":"262fbd8"}
[2019-06-13 15:54:02] UTN FRA LOGGER.INFO: ip =::1 [] {"uid":"262fbd8"}
[2019-06-13 15:54:29] UTN FRA LOGGER.INFO: Datos  =Mozilla/5.0 (X11; Linux x86_64) AppleWebKit/537.36 (KHTML, like Gecko) Chrome/73.0.3683.86 Safari/537.36 [] {"uid":"69026c5"}
[2019-06-13 15:54:29] UTN FRA LOGGER.INFO: ip =::1 [] {"uid":"69026c5"}
[2019-06-13 15:54:53] UTN FRA LOGGER.INFO: Datos  =Mozilla/5.0 (X11; Linux x86_64) AppleWebKit/537.36 (KHTML, like Gecko) Chrome/73.0.3683.86 Safari/537.36 [] {"uid":"7f80bac"}
[2019-06-13 15:54:53] UTN FRA LOGGER.INFO: ip =::1 [] {"uid":"7f80bac"}
[2019-06-13 16:14:20] UTN FRA LOGGER.INFO: Datos  =PostmanRuntime/7.1.1 [] {"uid":"f37f107"}
[2019-06-13 16:14:20] UTN FRA LOGGER.INFO: ip =::1 [] {"uid":"f37f107"}
[2019-06-13 16:14:25] UTN FRA LOGGER.INFO: Datos  =PostmanRuntime/7.1.1 [] {"uid":"f86c548"}
[2019-06-13 16:14:25] UTN FRA LOGGER.INFO: ip =::1 [] {"uid":"f86c548"}
[2019-06-13 16:16:52] UTN FRA LOGGER.INFO: Datos  =PostmanRuntime/7.1.1 [] {"uid":"cfce916"}
[2019-06-13 16:16:52] UTN FRA LOGGER.INFO: ip =::1 [] {"uid":"cfce916"}
[2019-06-13 16:16:56] UTN FRA LOGGER.INFO: Datos  =PostmanRuntime/7.1.1 [] {"uid":"24b074c"}
[2019-06-13 16:16:56] UTN FRA LOGGER.INFO: ip =::1 [] {"uid":"24b074c"}
[2019-06-13 16:17:07] UTN FRA LOGGER.INFO: Datos  =PostmanRuntime/7.1.1 [] {"uid":"fecc8fc"}
[2019-06-13 16:17:07] UTN FRA LOGGER.INFO: ip =::1 [] {"uid":"fecc8fc"}
[2019-06-13 16:19:09] UTN FRA LOGGER.INFO: Datos  =Mozilla/5.0 (X11; Linux x86_64) AppleWebKit/537.36 (KHTML, like Gecko) Chrome/73.0.3683.86 Safari/537.36 [] {"uid":"e2193d4"}
[2019-06-13 16:19:09] UTN FRA LOGGER.INFO: ip =::1 [] {"uid":"e2193d4"}
[2019-06-13 16:19:58] UTN FRA LOGGER.INFO: Datos  =Mozilla/5.0 (X11; Linux x86_64) AppleWebKit/537.36 (KHTML, like Gecko) Chrome/73.0.3683.86 Safari/537.36 [] {"uid":"d83d781"}
[2019-06-13 16:19:58] UTN FRA LOGGER.INFO: ip =::1 [] {"uid":"d83d781"}
[2019-06-13 16:20:00] UTN FRA LOGGER.INFO: Datos  =Mozilla/5.0 (X11; Linux x86_64) AppleWebKit/537.36 (KHTML, like Gecko) Chrome/73.0.3683.86 Safari/537.36 [] {"uid":"89e32cc"}
[2019-06-13 16:20:00] UTN FRA LOGGER.INFO: ip =::1 [] {"uid":"89e32cc"}
[2019-06-13 16:20:32] UTN FRA LOGGER.INFO: Datos  =Mozilla/5.0 (X11; Linux x86_64) AppleWebKit/537.36 (KHTML, like Gecko) Chrome/73.0.3683.86 Safari/537.36 [] {"uid":"434586f"}
[2019-06-13 16:20:32] UTN FRA LOGGER.INFO: ip =::1 [] {"uid":"434586f"}
[2019-06-13 16:20:40] UTN FRA LOGGER.INFO: Datos  =PostmanRuntime/7.1.1 [] {"uid":"87cac8e"}
[2019-06-13 16:20:40] UTN FRA LOGGER.INFO: ip =::1 [] {"uid":"87cac8e"}
[2019-11-25 03:58:14] UTN FRA LOGGER.INFO: Datos  =PostmanRuntime/7.20.1 [] {"uid":"3a26e8a"}
[2019-11-25 03:58:14] UTN FRA LOGGER.INFO: ip =::1 [] {"uid":"3a26e8a"}
[2019-11-25 04:01:12] UTN FRA LOGGER.INFO: Datos  =PostmanRuntime/7.20.1 [] {"uid":"e1c6cc1"}
[2019-11-25 04:01:12] UTN FRA LOGGER.INFO: ip =::1 [] {"uid":"e1c6cc1"}
[2019-11-25 04:01:40] UTN FRA LOGGER.INFO: Datos  =PostmanRuntime/7.20.1 [] {"uid":"afd5bf4"}
[2019-11-25 04:01:40] UTN FRA LOGGER.INFO: ip =::1 [] {"uid":"afd5bf4"}
[2019-11-25 04:02:25] UTN FRA LOGGER.INFO: Datos  =PostmanRuntime/7.20.1 [] {"uid":"3782eca"}
[2019-11-25 04:02:25] UTN FRA LOGGER.INFO: ip =::1 [] {"uid":"3782eca"}
[2019-11-25 04:03:15] UTN FRA LOGGER.INFO: Datos  =PostmanRuntime/7.20.1 [] {"uid":"7b800cf"}
[2019-11-25 04:03:15] UTN FRA LOGGER.INFO: ip =::1 [] {"uid":"7b800cf"}
[2019-11-25 04:04:33] UTN FRA LOGGER.INFO: Datos  =PostmanRuntime/7.20.1 [] {"uid":"8d07f95"}
[2019-11-25 04:04:33] UTN FRA LOGGER.INFO: ip =::1 [] {"uid":"8d07f95"}
[2019-11-25 04:05:09] UTN FRA LOGGER.INFO: Datos  =PostmanRuntime/7.20.1 [] {"uid":"cc202be"}
[2019-11-25 04:05:09] UTN FRA LOGGER.INFO: ip =::1 [] {"uid":"cc202be"}
[2019-11-25 04:06:50] UTN FRA LOGGER.INFO: Datos  =PostmanRuntime/7.20.1 [] {"uid":"0e6883a"}
[2019-11-25 04:06:50] UTN FRA LOGGER.INFO: ip =::1 [] {"uid":"0e6883a"}
[2019-11-25 04:08:01] UTN FRA LOGGER.INFO: Datos  =PostmanRuntime/7.20.1 [] {"uid":"2721f9b"}
[2019-11-25 04:08:01] UTN FRA LOGGER.INFO: ip =::1 [] {"uid":"2721f9b"}
[2019-11-25 04:08:51] UTN FRA LOGGER.INFO: Datos  =PostmanRuntime/7.20.1 [] {"uid":"acc0b0b"}
[2019-11-25 04:08:51] UTN FRA LOGGER.INFO: ip =::1 [] {"uid":"acc0b0b"}
[2019-11-25 04:09:40] UTN FRA LOGGER.INFO: Datos  =PostmanRuntime/7.20.1 [] {"uid":"2039494"}
[2019-11-25 04:09:40] UTN FRA LOGGER.INFO: ip =::1 [] {"uid":"2039494"}
[2019-11-25 04:10:52] UTN FRA LOGGER.INFO: Datos  =PostmanRuntime/7.20.1 [] {"uid":"d8cea6d"}
[2019-11-25 04:10:52] UTN FRA LOGGER.INFO: ip =::1 [] {"uid":"d8cea6d"}
[2019-11-25 04:12:44] UTN FRA LOGGER.INFO: Datos  =PostmanRuntime/7.20.1 [] {"uid":"d1868bc"}
[2019-11-25 04:12:44] UTN FRA LOGGER.INFO: ip =::1 [] {"uid":"d1868bc"}
[2019-11-25 04:14:22] UTN FRA LOGGER.INFO: Datos  =PostmanRuntime/7.20.1 [] {"uid":"5a11c05"}
[2019-11-25 04:14:22] UTN FRA LOGGER.INFO: ip =::1 [] {"uid":"5a11c05"}
[2019-11-25 04:15:59] UTN FRA LOGGER.INFO: Datos  =PostmanRuntime/7.20.1 [] {"uid":"a856070"}
[2019-11-25 04:15:59] UTN FRA LOGGER.INFO: ip =::1 [] {"uid":"a856070"}
[2019-11-25 04:17:07] UTN FRA LOGGER.INFO: Datos  =PostmanRuntime/7.20.1 [] {"uid":"59ae68b"}
[2019-11-25 04:17:07] UTN FRA LOGGER.INFO: ip =::1 [] {"uid":"59ae68b"}
[2019-11-25 04:17:18] UTN FRA LOGGER.INFO: Datos  =PostmanRuntime/7.20.1 [] {"uid":"9eeaf14"}
[2019-11-25 04:17:18] UTN FRA LOGGER.INFO: ip =::1 [] {"uid":"9eeaf14"}
[2019-11-25 04:18:58] UTN FRA LOGGER.INFO: Datos  =PostmanRuntime/7.20.1 [] {"uid":"c6ac39d"}
[2019-11-25 04:18:58] UTN FRA LOGGER.INFO: ip =::1 [] {"uid":"c6ac39d"}
[2019-11-25 04:19:05] UTN FRA LOGGER.INFO: Datos  =PostmanRuntime/7.20.1 [] {"uid":"846c122"}
[2019-11-25 04:19:05] UTN FRA LOGGER.INFO: ip =::1 [] {"uid":"846c122"}
[2019-11-25 04:21:22] UTN FRA LOGGER.INFO: Datos  =PostmanRuntime/7.20.1 [] {"uid":"726ff60"}
[2019-11-25 04:21:22] UTN FRA LOGGER.INFO: ip =::1 [] {"uid":"726ff60"}
[2019-11-25 04:23:20] UTN FRA LOGGER.INFO: Datos  =PostmanRuntime/7.20.1 [] {"uid":"46a959c"}
[2019-11-25 04:23:20] UTN FRA LOGGER.INFO: ip =::1 [] {"uid":"46a959c"}
[2019-11-25 04:23:57] UTN FRA LOGGER.INFO: Datos  =PostmanRuntime/7.20.1 [] {"uid":"a3e9042"}
[2019-11-25 04:23:57] UTN FRA LOGGER.INFO: ip =::1 [] {"uid":"a3e9042"}
[2019-11-25 04:24:57] UTN FRA LOGGER.INFO: Datos  =PostmanRuntime/7.20.1 [] {"uid":"f185c43"}
[2019-11-25 04:24:57] UTN FRA LOGGER.INFO: ip =::1 [] {"uid":"f185c43"}
[2019-11-25 04:25:07] UTN FRA LOGGER.INFO: Datos  =PostmanRuntime/7.20.1 [] {"uid":"849ce63"}
[2019-11-25 04:25:07] UTN FRA LOGGER.INFO: ip =::1 [] {"uid":"849ce63"}
[2019-11-25 04:25:55] UTN FRA LOGGER.INFO: Datos  =PostmanRuntime/7.20.1 [] {"uid":"2b2e759"}
[2019-11-25 04:25:55] UTN FRA LOGGER.INFO: ip =::1 [] {"uid":"2b2e759"}
[2019-11-25 04:26:46] UTN FRA LOGGER.INFO: Datos  =PostmanRuntime/7.20.1 [] {"uid":"51ffbda"}
[2019-11-25 04:26:46] UTN FRA LOGGER.INFO: ip =::1 [] {"uid":"51ffbda"}
[2019-11-25 04:27:16] UTN FRA LOGGER.INFO: Datos  =PostmanRuntime/7.20.1 [] {"uid":"7f89d6d"}
[2019-11-25 04:27:16] UTN FRA LOGGER.INFO: ip =::1 [] {"uid":"7f89d6d"}
[2019-11-25 04:29:10] UTN FRA LOGGER.INFO: Datos  =PostmanRuntime/7.20.1 [] {"uid":"5502707"}
[2019-11-25 04:29:10] UTN FRA LOGGER.INFO: ip =::1 [] {"uid":"5502707"}
[2019-11-25 04:29:30] UTN FRA LOGGER.INFO: Datos  =PostmanRuntime/7.20.1 [] {"uid":"ec43d17"}
[2019-11-25 04:29:30] UTN FRA LOGGER.INFO: ip =::1 [] {"uid":"ec43d17"}
[2019-11-25 04:30:27] UTN FRA LOGGER.INFO: Datos  =PostmanRuntime/7.20.1 [] {"uid":"0eeb8c1"}
[2019-11-25 04:30:27] UTN FRA LOGGER.INFO: ip =::1 [] {"uid":"0eeb8c1"}
[2019-11-25 04:30:47] UTN FRA LOGGER.INFO: Datos  =PostmanRuntime/7.20.1 [] {"uid":"21dc87d"}
[2019-11-25 04:30:47] UTN FRA LOGGER.INFO: ip =::1 [] {"uid":"21dc87d"}
[2019-11-25 04:31:06] UTN FRA LOGGER.INFO: Datos  =PostmanRuntime/7.20.1 [] {"uid":"27f9f25"}
[2019-11-25 04:31:06] UTN FRA LOGGER.INFO: ip =::1 [] {"uid":"27f9f25"}
[2019-11-25 04:31:10] UTN FRA LOGGER.INFO: Datos  =PostmanRuntime/7.20.1 [] {"uid":"39ce392"}
[2019-11-25 04:31:10] UTN FRA LOGGER.INFO: ip =::1 [] {"uid":"39ce392"}
[2019-11-25 04:31:42] UTN FRA LOGGER.INFO: Datos  =PostmanRuntime/7.20.1 [] {"uid":"78fa0e4"}
[2019-11-25 04:31:42] UTN FRA LOGGER.INFO: ip =::1 [] {"uid":"78fa0e4"}
[2019-11-25 04:32:45] UTN FRA LOGGER.INFO: Datos  =PostmanRuntime/7.20.1 [] {"uid":"21166e6"}
[2019-11-25 04:32:45] UTN FRA LOGGER.INFO: ip =::1 [] {"uid":"21166e6"}
[2019-11-25 04:33:16] UTN FRA LOGGER.INFO: Datos  =PostmanRuntime/7.20.1 [] {"uid":"358b5cd"}
[2019-11-25 04:33:16] UTN FRA LOGGER.INFO: ip =::1 [] {"uid":"358b5cd"}
[2019-11-25 04:33:22] UTN FRA LOGGER.INFO: Datos  =PostmanRuntime/7.20.1 [] {"uid":"0ec50c3"}
[2019-11-25 04:33:22] UTN FRA LOGGER.INFO: ip =::1 [] {"uid":"0ec50c3"}
[2019-11-25 04:33:29] UTN FRA LOGGER.INFO: Datos  =PostmanRuntime/7.20.1 [] {"uid":"7f71d27"}
[2019-11-25 04:33:29] UTN FRA LOGGER.INFO: ip =::1 [] {"uid":"7f71d27"}
[2019-11-25 04:33:37] UTN FRA LOGGER.INFO: Datos  =PostmanRuntime/7.20.1 [] {"uid":"075ec2d"}
[2019-11-25 04:33:37] UTN FRA LOGGER.INFO: ip =::1 [] {"uid":"075ec2d"}
[2019-11-25 04:34:08] UTN FRA LOGGER.INFO: Datos  =PostmanRuntime/7.20.1 [] {"uid":"e8eefda"}
[2019-11-25 04:34:08] UTN FRA LOGGER.INFO: ip =::1 [] {"uid":"e8eefda"}
[2019-11-25 04:34:13] UTN FRA LOGGER.INFO: Datos  =PostmanRuntime/7.20.1 [] {"uid":"2be2a6c"}
[2019-11-25 04:34:13] UTN FRA LOGGER.INFO: ip =::1 [] {"uid":"2be2a6c"}
[2019-11-25 04:34:19] UTN FRA LOGGER.INFO: Datos  =PostmanRuntime/7.20.1 [] {"uid":"f148535"}
[2019-11-25 04:34:19] UTN FRA LOGGER.INFO: ip =::1 [] {"uid":"f148535"}
[2019-11-25 04:34:23] UTN FRA LOGGER.INFO: Datos  =PostmanRuntime/7.20.1 [] {"uid":"b6266ee"}
[2019-11-25 04:34:23] UTN FRA LOGGER.INFO: ip =::1 [] {"uid":"b6266ee"}
[2019-11-25 04:35:09] UTN FRA LOGGER.INFO: Datos  =PostmanRuntime/7.20.1 [] {"uid":"8d98163"}
[2019-11-25 04:35:09] UTN FRA LOGGER.INFO: ip =::1 [] {"uid":"8d98163"}
[2019-11-25 04:35:16] UTN FRA LOGGER.INFO: Datos  =PostmanRuntime/7.20.1 [] {"uid":"d83111b"}
[2019-11-25 04:35:16] UTN FRA LOGGER.INFO: ip =::1 [] {"uid":"d83111b"}
[2019-11-25 04:36:47] UTN FRA LOGGER.INFO: Datos  =PostmanRuntime/7.20.1 [] {"uid":"6fa7b19"}
[2019-11-25 04:36:47] UTN FRA LOGGER.INFO: ip =::1 [] {"uid":"6fa7b19"}
[2019-11-25 04:36:54] UTN FRA LOGGER.INFO: Datos  =PostmanRuntime/7.20.1 [] {"uid":"506065b"}
[2019-11-25 04:36:54] UTN FRA LOGGER.INFO: ip =::1 [] {"uid":"506065b"}
[2019-11-25 04:39:43] UTN FRA LOGGER.INFO: Datos  =PostmanRuntime/7.20.1 [] {"uid":"c672927"}
[2019-11-25 04:39:43] UTN FRA LOGGER.INFO: ip =::1 [] {"uid":"c672927"}
[2019-11-25 04:51:23] UTN FRA LOGGER.INFO: Datos  =PostmanRuntime/7.20.1 [] {"uid":"2850bf1"}
[2019-11-25 04:51:23] UTN FRA LOGGER.INFO: ip =::1 [] {"uid":"2850bf1"}
[2019-11-25 04:51:59] UTN FRA LOGGER.INFO: Datos  =PostmanRuntime/7.20.1 [] {"uid":"4dff15a"}
[2019-11-25 04:51:59] UTN FRA LOGGER.INFO: ip =::1 [] {"uid":"4dff15a"}
[2019-11-25 04:52:32] UTN FRA LOGGER.INFO: Datos  =PostmanRuntime/7.20.1 [] {"uid":"e8130a8"}
[2019-11-25 04:52:32] UTN FRA LOGGER.INFO: ip =::1 [] {"uid":"e8130a8"}
[2019-11-25 04:53:10] UTN FRA LOGGER.INFO: Datos  =PostmanRuntime/7.20.1 [] {"uid":"db2d29e"}
[2019-11-25 04:53:10] UTN FRA LOGGER.INFO: ip =::1 [] {"uid":"db2d29e"}
[2019-11-25 04:53:50] UTN FRA LOGGER.INFO: Datos  =PostmanRuntime/7.20.1 [] {"uid":"23df18f"}
[2019-11-25 04:53:50] UTN FRA LOGGER.INFO: ip =::1 [] {"uid":"23df18f"}
[2019-11-25 04:54:13] UTN FRA LOGGER.INFO: Datos  =PostmanRuntime/7.20.1 [] {"uid":"621693a"}
[2019-11-25 04:54:13] UTN FRA LOGGER.INFO: ip =::1 [] {"uid":"621693a"}
[2019-11-25 04:54:53] UTN FRA LOGGER.INFO: Datos  =PostmanRuntime/7.20.1 [] {"uid":"0da1d2e"}
[2019-11-25 04:54:53] UTN FRA LOGGER.INFO: ip =::1 [] {"uid":"0da1d2e"}
[2019-11-25 04:55:46] UTN FRA LOGGER.INFO: Datos  =PostmanRuntime/7.20.1 [] {"uid":"7b06d6f"}
[2019-11-25 04:55:46] UTN FRA LOGGER.INFO: ip =::1 [] {"uid":"7b06d6f"}
[2019-11-25 04:55:58] UTN FRA LOGGER.INFO: Datos  =PostmanRuntime/7.20.1 [] {"uid":"06e218a"}
[2019-11-25 04:55:58] UTN FRA LOGGER.INFO: ip =::1 [] {"uid":"06e218a"}
[2019-11-25 05:09:54] UTN FRA LOGGER.INFO: Datos  =PostmanRuntime/7.20.1 [] {"uid":"38afc85"}
[2019-11-25 05:09:54] UTN FRA LOGGER.INFO: ip =::1 [] {"uid":"38afc85"}
[2019-11-25 05:10:13] UTN FRA LOGGER.INFO: Datos  =PostmanRuntime/7.20.1 [] {"uid":"680176a"}
[2019-11-25 05:10:13] UTN FRA LOGGER.INFO: ip =::1 [] {"uid":"680176a"}
[2019-11-25 05:11:15] UTN FRA LOGGER.INFO: Datos  =PostmanRuntime/7.20.1 [] {"uid":"e04e3e4"}
[2019-11-25 05:11:15] UTN FRA LOGGER.INFO: ip =::1 [] {"uid":"e04e3e4"}
[2019-11-25 05:11:21] UTN FRA LOGGER.INFO: Datos  =PostmanRuntime/7.20.1 [] {"uid":"cc2510a"}
[2019-11-25 05:11:21] UTN FRA LOGGER.INFO: ip =::1 [] {"uid":"cc2510a"}
[2019-11-25 05:12:11] UTN FRA LOGGER.INFO: Datos  =PostmanRuntime/7.20.1 [] {"uid":"a1f4333"}
[2019-11-25 05:12:11] UTN FRA LOGGER.INFO: ip =::1 [] {"uid":"a1f4333"}
[2019-11-25 05:12:43] UTN FRA LOGGER.INFO: Datos  =PostmanRuntime/7.20.1 [] {"uid":"1c1a989"}
[2019-11-25 05:12:43] UTN FRA LOGGER.INFO: ip =::1 [] {"uid":"1c1a989"}
[2019-11-25 05:13:01] UTN FRA LOGGER.INFO: Datos  =PostmanRuntime/7.20.1 [] {"uid":"add3003"}
[2019-11-25 05:13:01] UTN FRA LOGGER.INFO: ip =::1 [] {"uid":"add3003"}
[2019-11-25 05:14:14] UTN FRA LOGGER.INFO: Datos  =PostmanRuntime/7.20.1 [] {"uid":"2066d8f"}
[2019-11-25 05:14:14] UTN FRA LOGGER.INFO: ip =::1 [] {"uid":"2066d8f"}
[2019-11-25 05:14:59] UTN FRA LOGGER.INFO: Datos  =PostmanRuntime/7.20.1 [] {"uid":"dc433eb"}
[2019-11-25 05:14:59] UTN FRA LOGGER.INFO: ip =::1 [] {"uid":"dc433eb"}
[2019-11-25 05:17:14] UTN FRA LOGGER.INFO: Datos  =PostmanRuntime/7.20.1 [] {"uid":"a1164c3"}
[2019-11-25 05:17:14] UTN FRA LOGGER.INFO: ip =::1 [] {"uid":"a1164c3"}
[2019-11-25 05:17:50] UTN FRA LOGGER.INFO: Datos  =PostmanRuntime/7.20.1 [] {"uid":"d766744"}
[2019-11-25 05:17:50] UTN FRA LOGGER.INFO: ip =::1 [] {"uid":"d766744"}
[2019-11-25 05:18:40] UTN FRA LOGGER.INFO: Datos  =PostmanRuntime/7.20.1 [] {"uid":"1b1d936"}
[2019-11-25 05:18:40] UTN FRA LOGGER.INFO: ip =::1 [] {"uid":"1b1d936"}
[2019-11-25 05:19:49] UTN FRA LOGGER.INFO: Datos  =PostmanRuntime/7.20.1 [] {"uid":"b414da7"}
[2019-11-25 05:19:49] UTN FRA LOGGER.INFO: ip =::1 [] {"uid":"b414da7"}
[2019-11-25 05:21:45] UTN FRA LOGGER.INFO: Datos  =PostmanRuntime/7.20.1 [] {"uid":"a896f1c"}
[2019-11-25 05:21:45] UTN FRA LOGGER.INFO: ip =::1 [] {"uid":"a896f1c"}
[2019-11-25 05:24:07] UTN FRA LOGGER.INFO: Datos  =PostmanRuntime/7.20.1 [] {"uid":"af80876"}
[2019-11-25 05:24:07] UTN FRA LOGGER.INFO: ip =::1 [] {"uid":"af80876"}
[2019-11-25 05:24:24] UTN FRA LOGGER.INFO: Datos  =PostmanRuntime/7.20.1 [] {"uid":"90df893"}
[2019-11-25 05:24:24] UTN FRA LOGGER.INFO: ip =::1 [] {"uid":"90df893"}
[2019-11-25 05:24:59] UTN FRA LOGGER.INFO: Datos  =PostmanRuntime/7.20.1 [] {"uid":"80ca6cf"}
[2019-11-25 05:24:59] UTN FRA LOGGER.INFO: ip =::1 [] {"uid":"80ca6cf"}
[2019-11-25 05:25:57] UTN FRA LOGGER.INFO: Datos  =PostmanRuntime/7.20.1 [] {"uid":"176308a"}
[2019-11-25 05:25:57] UTN FRA LOGGER.INFO: ip =::1 [] {"uid":"176308a"}
[2019-11-25 05:28:08] UTN FRA LOGGER.INFO: Datos  =PostmanRuntime/7.20.1 [] {"uid":"ed0a4ca"}
[2019-11-25 05:28:08] UTN FRA LOGGER.INFO: ip =::1 [] {"uid":"ed0a4ca"}
[2019-11-25 05:28:24] UTN FRA LOGGER.INFO: Datos  =PostmanRuntime/7.20.1 [] {"uid":"e2df308"}
[2019-11-25 05:28:24] UTN FRA LOGGER.INFO: ip =::1 [] {"uid":"e2df308"}
[2019-11-25 05:29:30] UTN FRA LOGGER.INFO: Datos  =PostmanRuntime/7.20.1 [] {"uid":"658c51d"}
[2019-11-25 05:29:30] UTN FRA LOGGER.INFO: ip =::1 [] {"uid":"658c51d"}
[2019-11-25 05:29:58] UTN FRA LOGGER.INFO: Datos  =PostmanRuntime/7.20.1 [] {"uid":"0487304"}
[2019-11-25 05:29:58] UTN FRA LOGGER.INFO: ip =::1 [] {"uid":"0487304"}
[2019-11-25 05:35:35] UTN FRA LOGGER.INFO: Datos  =PostmanRuntime/7.20.1 [] {"uid":"fc399b8"}
[2019-11-25 05:35:35] UTN FRA LOGGER.INFO: ip =::1 [] {"uid":"fc399b8"}
[2019-11-25 05:36:02] UTN FRA LOGGER.INFO: Datos  =PostmanRuntime/7.20.1 [] {"uid":"35ad95c"}
[2019-11-25 05:36:02] UTN FRA LOGGER.INFO: ip =::1 [] {"uid":"35ad95c"}
[2019-11-25 05:36:07] UTN FRA LOGGER.INFO: Datos  =PostmanRuntime/7.20.1 [] {"uid":"63bc348"}
[2019-11-25 05:36:07] UTN FRA LOGGER.INFO: ip =::1 [] {"uid":"63bc348"}
[2019-11-25 05:36:14] UTN FRA LOGGER.INFO: Datos  =PostmanRuntime/7.20.1 [] {"uid":"280e6a5"}
[2019-11-25 05:36:14] UTN FRA LOGGER.INFO: ip =::1 [] {"uid":"280e6a5"}
[2019-11-25 05:36:19] UTN FRA LOGGER.INFO: Datos  =PostmanRuntime/7.20.1 [] {"uid":"44e03b6"}
[2019-11-25 05:36:19] UTN FRA LOGGER.INFO: ip =::1 [] {"uid":"44e03b6"}
[2019-11-25 05:47:31] UTN FRA LOGGER.INFO: Datos  =PostmanRuntime/7.20.1 [] {"uid":"d4ef47d"}
[2019-11-25 05:47:31] UTN FRA LOGGER.INFO: ip =::1 [] {"uid":"d4ef47d"}
[2019-11-25 05:50:07] UTN FRA LOGGER.INFO: Datos  =PostmanRuntime/7.20.1 [] {"uid":"4e70049"}
[2019-11-25 05:50:07] UTN FRA LOGGER.INFO: ip =::1 [] {"uid":"4e70049"}
[2019-11-25 05:50:25] UTN FRA LOGGER.INFO: Datos  =PostmanRuntime/7.20.1 [] {"uid":"38af984"}
[2019-11-25 05:50:26] UTN FRA LOGGER.INFO: ip =::1 [] {"uid":"38af984"}
[2019-11-25 05:50:28] UTN FRA LOGGER.INFO: Datos  =PostmanRuntime/7.20.1 [] {"uid":"6f50cdc"}
[2019-11-25 05:50:28] UTN FRA LOGGER.INFO: ip =::1 [] {"uid":"6f50cdc"}
[2019-11-25 05:50:58] UTN FRA LOGGER.INFO: Datos  =PostmanRuntime/7.20.1 [] {"uid":"ab67ce9"}
[2019-11-25 05:50:58] UTN FRA LOGGER.INFO: ip =::1 [] {"uid":"ab67ce9"}
[2019-11-25 05:51:09] UTN FRA LOGGER.INFO: Datos  =PostmanRuntime/7.20.1 [] {"uid":"2430823"}
[2019-11-25 05:51:09] UTN FRA LOGGER.INFO: ip =::1 [] {"uid":"2430823"}
[2019-11-25 05:51:57] UTN FRA LOGGER.INFO: Datos  =PostmanRuntime/7.20.1 [] {"uid":"8f2cc7f"}
[2019-11-25 05:51:57] UTN FRA LOGGER.INFO: ip =::1 [] {"uid":"8f2cc7f"}
[2019-11-25 06:01:14] UTN FRA LOGGER.INFO: Datos  =PostmanRuntime/7.20.1 [] {"uid":"2fe3718"}
[2019-11-25 06:01:14] UTN FRA LOGGER.INFO: ip =::1 [] {"uid":"2fe3718"}
[2019-11-25 06:01:22] UTN FRA LOGGER.INFO: Datos  =PostmanRuntime/7.20.1 [] {"uid":"81ab96a"}
[2019-11-25 06:01:22] UTN FRA LOGGER.INFO: ip =::1 [] {"uid":"81ab96a"}
[2019-11-25 06:01:29] UTN FRA LOGGER.INFO: Datos  =PostmanRuntime/7.20.1 [] {"uid":"9bc3367"}
[2019-11-25 06:01:29] UTN FRA LOGGER.INFO: ip =::1 [] {"uid":"9bc3367"}
[2019-11-25 06:01:47] UTN FRA LOGGER.INFO: Datos  =PostmanRuntime/7.20.1 [] {"uid":"36e29ea"}
[2019-11-25 06:01:47] UTN FRA LOGGER.INFO: ip =::1 [] {"uid":"36e29ea"}
[2019-11-25 06:08:52] UTN FRA LOGGER.INFO: Datos  =PostmanRuntime/7.20.1 [] {"uid":"af9b9d5"}
[2019-11-25 06:08:52] UTN FRA LOGGER.INFO: ip =::1 [] {"uid":"af9b9d5"}
[2019-11-25 06:09:22] UTN FRA LOGGER.INFO: Datos  =PostmanRuntime/7.20.1 [] {"uid":"ef92517"}
[2019-11-25 06:09:22] UTN FRA LOGGER.INFO: ip =::1 [] {"uid":"ef92517"}
[2019-11-25 06:10:25] UTN FRA LOGGER.INFO: Datos  =PostmanRuntime/7.20.1 [] {"uid":"002d76c"}
[2019-11-25 06:10:25] UTN FRA LOGGER.INFO: ip =::1 [] {"uid":"002d76c"}
[2019-11-25 06:10:52] UTN FRA LOGGER.INFO: Datos  =PostmanRuntime/7.20.1 [] {"uid":"c1bb15b"}
[2019-11-25 06:10:52] UTN FRA LOGGER.INFO: ip =::1 [] {"uid":"c1bb15b"}
[2019-11-25 06:12:13] UTN FRA LOGGER.INFO: Datos  =PostmanRuntime/7.20.1 [] {"uid":"1818a14"}
[2019-11-25 06:12:13] UTN FRA LOGGER.INFO: ip =::1 [] {"uid":"1818a14"}
[2019-11-25 06:13:28] UTN FRA LOGGER.INFO: Datos  =PostmanRuntime/7.20.1 [] {"uid":"549bad2"}
[2019-11-25 06:13:28] UTN FRA LOGGER.INFO: ip =::1 [] {"uid":"549bad2"}
[2019-11-25 06:13:51] UTN FRA LOGGER.INFO: Datos  =PostmanRuntime/7.20.1 [] {"uid":"2aa89b4"}
[2019-11-25 06:13:51] UTN FRA LOGGER.INFO: ip =::1 [] {"uid":"2aa89b4"}
[2019-11-25 06:13:55] UTN FRA LOGGER.INFO: Datos  =PostmanRuntime/7.20.1 [] {"uid":"7453751"}
[2019-11-25 06:13:55] UTN FRA LOGGER.INFO: ip =::1 [] {"uid":"7453751"}
[2019-11-25 06:14:09] UTN FRA LOGGER.INFO: Datos  =PostmanRuntime/7.20.1 [] {"uid":"d65f091"}
[2019-11-25 06:14:09] UTN FRA LOGGER.INFO: ip =::1 [] {"uid":"d65f091"}
