[2019-06-13 14:22:41] UTN FRA LOGGER.INFO: ::1 [] {"uid":"ecfba35"}
[2019-06-13 14:23:14] UTN FRA LOGGER.INFO: ip :::1 [] {"uid":"f1af206"}
[2019-06-13 14:31:21] UTN FRA LOGGER.INFO: info  =Mozilla/5.0 (X11; Linux x86_64) AppleWebKit/537.36 (KHTML, like Gecko) Chrome/73.0.3683.86 Safari/537.36 [] {"uid":"2676799"}
[2019-06-13 14:31:21] UTN FRA LOGGER.INFO: ip =::1 [] {"uid":"2676799"}
[2019-06-13 14:33:01] UTN FRA LOGGER.INFO: info  =PostmanRuntime/7.1.1 [] {"uid":"1c0e970"}
[2019-06-13 14:33:01] UTN FRA LOGGER.INFO: ip =::1 [] {"uid":"1c0e970"}
[2019-06-13 14:33:04] UTN FRA LOGGER.INFO: info  =PostmanRuntime/7.1.1 [] {"uid":"e0a490b"}
[2019-06-13 14:33:04] UTN FRA LOGGER.INFO: ip =::1 [] {"uid":"e0a490b"}
[2019-06-13 14:33:08] UTN FRA LOGGER.INFO: info  =PostmanRuntime/7.1.1 [] {"uid":"5792b8b"}
[2019-06-13 14:33:08] UTN FRA LOGGER.INFO: ip =::1 [] {"uid":"5792b8b"}
[2019-06-13 14:33:14] UTN FRA LOGGER.INFO: info  =PostmanRuntime/7.1.1 [] {"uid":"c3f3041"}
[2019-06-13 14:33:14] UTN FRA LOGGER.INFO: ip =::1 [] {"uid":"c3f3041"}
[2019-06-13 14:41:27] UTN FRA LOGGER.INFO: info  =Mozilla/5.0 (X11; Linux x86_64; rv:60.0) Gecko/20100101 Firefox/60.0 [] {"uid":"d971c69"}
[2019-06-13 14:41:27] UTN FRA LOGGER.INFO: ip =127.0.0.1 [] {"uid":"d971c69"}
[2019-06-13 14:46:20] UTN FRA LOGGER.INFO: info  =Mozilla/5.0 (X11; Linux x86_64; rv:60.0) Gecko/20100101 Firefox/60.0 [] {"uid":"01737b9"}
[2019-06-13 14:46:20] UTN FRA LOGGER.INFO: ip =127.0.0.1 [] {"uid":"01737b9"}
[2019-06-13 14:48:37] UTN FRA LOGGER.INFO: info  =Mozilla/5.0 (X11; Linux x86_64) AppleWebKit/537.36 (KHTML, like Gecko) Chrome/50.0.2661.76 YaBrowser/16.6.0.6383 (beta) Safari/537.36 [] {"uid":"5d9f7e5"}
[2019-06-13 14:48:37] UTN FRA LOGGER.INFO: ip =::1 [] {"uid":"5d9f7e5"}
[2019-06-13 14:48:52] UTN FRA LOGGER.INFO: info  =Mozilla/5.0 (X11; Linux x86_64) AppleWebKit/537.36 (KHTML, like Gecko) Chrome/50.0.2661.76 YaBrowser/16.6.0.6383 (beta) Safari/537.36 [] {"uid":"f6cdba9"}
[2019-06-13 14:48:52] UTN FRA LOGGER.INFO: ip =::1 [] {"uid":"f6cdba9"}
[2019-06-13 14:48:59] UTN FRA LOGGER.INFO: info  =Mozilla/5.0 (X11; Linux x86_64) AppleWebKit/537.36 (KHTML, like Gecko) Chrome/50.0.2661.76 YaBrowser/16.6.0.6383 (beta) Safari/537.36 [] {"uid":"7fb9fe5"}
[2019-06-13 14:48:59] UTN FRA LOGGER.INFO: ip =::1 [] {"uid":"7fb9fe5"}
[2019-06-13 14:50:12] UTN FRA LOGGER.INFO: info  =Mozilla/5.0 (X11; Linux x86_64) AppleWebKit/537.36 (KHTML, like Gecko) Chrome/71.0.3578.98 Safari/537.36 OPR/58.0.3135.107 [] {"uid":"05adba9"}
[2019-06-13 14:50:13] UTN FRA LOGGER.INFO: ip =::1 [] {"uid":"05adba9"}
[2019-06-13 14:51:49] UTN FRA LOGGER.INFO: info  =Mozilla/5.0 (X11; Linux x86_64) AppleWebKit/537.36 (KHTML, like Gecko) Chrome/73.0.3683.86 Safari/537.36 [] {"uid":"4869fa1"}
[2019-06-13 14:51:49] UTN FRA LOGGER.INFO: ip =::1 [] {"uid":"4869fa1"}
[2019-06-13 14:52:04] UTN FRA LOGGER.INFO: info  =PostmanRuntime/7.1.1 [] {"uid":"955f892"}
[2019-06-13 14:52:04] UTN FRA LOGGER.INFO: ip =::1 [] {"uid":"955f892"}
[2019-06-13 14:52:24] UTN FRA LOGGER.INFO: Datos  =PostmanRuntime/7.1.1 [] {"uid":"3d3557f"}
[2019-06-13 14:52:24] UTN FRA LOGGER.INFO: ip =::1 [] {"uid":"3d3557f"}
[2019-06-13 14:52:34] UTN FRA LOGGER.INFO: Datos  =Mozilla/5.0 (X11; Linux x86_64) AppleWebKit/537.36 (KHTML, like Gecko) Chrome/71.0.3578.98 Safari/537.36 OPR/58.0.3135.107 [] {"uid":"521a87e"}
[2019-06-13 14:52:34] UTN FRA LOGGER.INFO: ip =::1 [] {"uid":"521a87e"}
[2019-06-13 14:54:41] UTN FRA LOGGER.INFO: Datos  =Mozilla/5.0 (X11; Linux x86_64) AppleWebKit/537.36 (KHTML, like Gecko) Chrome/73.0.3683.86 Safari/537.36 [] {"uid":"15b9fd3"}
[2019-06-13 14:54:41] UTN FRA LOGGER.INFO: ip =::1 [] {"uid":"15b9fd3"}
[2019-06-13 15:40:36] UTN FRA LOGGER.INFO: Datos  =Mozilla/5.0 (X11; Linux x86_64) AppleWebKit/537.36 (KHTML, like Gecko) Chrome/73.0.3683.86 Safari/537.36 [] {"uid":"bbb9226"}
[2019-06-13 15:40:36] UTN FRA LOGGER.INFO: ip =::1 [] {"uid":"bbb9226"}
[2019-06-13 15:40:42] UTN FRA LOGGER.INFO: Datos  =Mozilla/5.0 (X11; Linux x86_64) AppleWebKit/537.36 (KHTML, like Gecko) Chrome/73.0.3683.86 Safari/537.36 [] {"uid":"d5105f7"}
[2019-06-13 15:40:42] UTN FRA LOGGER.INFO: ip =::1 [] {"uid":"d5105f7"}
[2019-06-13 15:41:29] UTN FRA LOGGER.INFO: Datos  =Mozilla/5.0 (X11; Linux x86_64) AppleWebKit/537.36 (KHTML, like Gecko) Chrome/73.0.3683.86 Safari/537.36 [] {"uid":"e12c6d8"}
[2019-06-13 15:41:29] UTN FRA LOGGER.INFO: ip =::1 [] {"uid":"e12c6d8"}
[2019-06-13 15:42:30] UTN FRA LOGGER.INFO: Datos  =Mozilla/5.0 (X11; Linux x86_64) AppleWebKit/537.36 (KHTML, like Gecko) Chrome/73.0.3683.86 Safari/537.36 [] {"uid":"36ef6fa"}
[2019-06-13 15:42:30] UTN FRA LOGGER.INFO: ip =::1 [] {"uid":"36ef6fa"}
[2019-06-13 15:45:52] UTN FRA LOGGER.INFO: Datos  =Mozilla/5.0 (X11; Linux x86_64) AppleWebKit/537.36 (KHTML, like Gecko) Chrome/73.0.3683.86 Safari/537.36 [] {"uid":"452e00c"}
[2019-06-13 15:45:52] UTN FRA LOGGER.INFO: ip =::1 [] {"uid":"452e00c"}
[2019-06-13 15:46:48] UTN FRA LOGGER.INFO: Datos  =Mozilla/5.0 (X11; Linux x86_64) AppleWebKit/537.36 (KHTML, like Gecko) Chrome/73.0.3683.86 Safari/537.36 [] {"uid":"accaf17"}
[2019-06-13 15:46:48] UTN FRA LOGGER.INFO: ip =::1 [] {"uid":"accaf17"}
[2019-06-13 15:46:49] UTN FRA LOGGER.INFO: Datos  =Mozilla/5.0 (X11; Linux x86_64) AppleWebKit/537.36 (KHTML, like Gecko) Chrome/73.0.3683.86 Safari/537.36 [] {"uid":"2977b9f"}
[2019-06-13 15:46:49] UTN FRA LOGGER.INFO: ip =::1 [] {"uid":"2977b9f"}
[2019-06-13 15:46:50] UTN FRA LOGGER.INFO: Datos  =Mozilla/5.0 (X11; Linux x86_64) AppleWebKit/537.36 (KHTML, like Gecko) Chrome/73.0.3683.86 Safari/537.36 [] {"uid":"5b1fbcd"}
[2019-06-13 15:46:50] UTN FRA LOGGER.INFO: ip =::1 [] {"uid":"5b1fbcd"}
[2019-06-13 15:47:05] UTN FRA LOGGER.INFO: Datos  =Mozilla/5.0 (X11; Linux x86_64) AppleWebKit/537.36 (KHTML, like Gecko) Chrome/73.0.3683.86 Safari/537.36 [] {"uid":"618e906"}
[2019-06-13 15:47:05] UTN FRA LOGGER.INFO: ip =::1 [] {"uid":"618e906"}
[2019-06-13 15:47:10] UTN FRA LOGGER.INFO: Datos  =Mozilla/5.0 (X11; Linux x86_64) AppleWebKit/537.36 (KHTML, like Gecko) Chrome/73.0.3683.86 Safari/537.36 [] {"uid":"e6f850c"}
[2019-06-13 15:47:10] UTN FRA LOGGER.INFO: ip =::1 [] {"uid":"e6f850c"}
[2019-06-13 15:47:16] UTN FRA LOGGER.INFO: Datos  =Mozilla/5.0 (X11; Linux x86_64) AppleWebKit/537.36 (KHTML, like Gecko) Chrome/73.0.3683.86 Safari/537.36 [] {"uid":"6080469"}
[2019-06-13 15:47:16] UTN FRA LOGGER.INFO: ip =::1 [] {"uid":"6080469"}
[2019-06-13 15:47:52] UTN FRA LOGGER.INFO: Datos  =Mozilla/5.0 (X11; Linux x86_64) AppleWebKit/537.36 (KHTML, like Gecko) Chrome/73.0.3683.86 Safari/537.36 [] {"uid":"be829a8"}
[2019-06-13 15:47:52] UTN FRA LOGGER.INFO: ip =::1 [] {"uid":"be829a8"}
[2019-06-13 15:47:55] UTN FRA LOGGER.INFO: Datos  =Mozilla/5.0 (X11; Linux x86_64) AppleWebKit/537.36 (KHTML, like Gecko) Chrome/73.0.3683.86 Safari/537.36 [] {"uid":"8f497ca"}
[2019-06-13 15:47:55] UTN FRA LOGGER.INFO: ip =::1 [] {"uid":"8f497ca"}
[2019-06-13 15:48:12] UTN FRA LOGGER.INFO: Datos  =Mozilla/5.0 (X11; Linux x86_64) AppleWebKit/537.36 (KHTML, like Gecko) Chrome/73.0.3683.86 Safari/537.36 [] {"uid":"9e48c5a"}
[2019-06-13 15:48:12] UTN FRA LOGGER.INFO: ip =::1 [] {"uid":"9e48c5a"}
[2019-06-13 15:48:15] UTN FRA LOGGER.INFO: Datos  =Mozilla/5.0 (X11; Linux x86_64) AppleWebKit/537.36 (KHTML, like Gecko) Chrome/73.0.3683.86 Safari/537.36 [] {"uid":"b916695"}
[2019-06-13 15:48:15] UTN FRA LOGGER.INFO: ip =::1 [] {"uid":"b916695"}
[2019-06-13 15:50:55] UTN FRA LOGGER.INFO: Datos  =Mozilla/5.0 (X11; Linux x86_64) AppleWebKit/537.36 (KHTML, like Gecko) Chrome/73.0.3683.86 Safari/537.36 [] {"uid":"1dd5fc6"}
[2019-06-13 15:50:55] UTN FRA LOGGER.INFO: ip =::1 [] {"uid":"1dd5fc6"}
[2019-06-13 15:51:28] UTN FRA LOGGER.INFO: Datos  =Mozilla/5.0 (X11; Linux x86_64) AppleWebKit/537.36 (KHTML, like Gecko) Chrome/73.0.3683.86 Safari/537.36 [] {"uid":"458c08c"}
[2019-06-13 15:51:28] UTN FRA LOGGER.INFO: ip =::1 [] {"uid":"458c08c"}
[2019-06-13 15:51:33] UTN FRA LOGGER.INFO: Datos  =Mozilla/5.0 (X11; Linux x86_64) AppleWebKit/537.36 (KHTML, like Gecko) Chrome/73.0.3683.86 Safari/537.36 [] {"uid":"c57b200"}
[2019-06-13 15:51:33] UTN FRA LOGGER.INFO: ip =::1 [] {"uid":"c57b200"}
[2019-06-13 15:53:23] UTN FRA LOGGER.INFO: Datos  =Mozilla/5.0 (X11; Linux x86_64) AppleWebKit/537.36 (KHTML, like Gecko) Chrome/73.0.3683.86 Safari/537.36 [] {"uid":"903207f"}
[2019-06-13 15:53:23] UTN FRA LOGGER.INFO: ip =::1 [] {"uid":"903207f"}
[2019-06-13 15:53:26] UTN FRA LOGGER.INFO: Datos  =Mozilla/5.0 (X11; Linux x86_64) AppleWebKit/537.36 (KHTML, like Gecko) Chrome/73.0.3683.86 Safari/537.36 [] {"uid":"3a71660"}
[2019-06-13 15:53:26] UTN FRA LOGGER.INFO: ip =::1 [] {"uid":"3a71660"}
[2019-06-13 15:54:00] UTN FRA LOGGER.INFO: Datos  =Mozilla/5.0 (X11; Linux x86_64) AppleWebKit/537.36 (KHTML, like Gecko) Chrome/73.0.3683.86 Safari/537.36 [] {"uid":"b363313"}
[2019-06-13 15:54:00] UTN FRA LOGGER.INFO: ip =::1 [] {"uid":"b363313"}
[2019-06-13 15:54:01] UTN FRA LOGGER.INFO: Datos  =Mozilla/5.0 (X11; Linux x86_64) AppleWebKit/537.36 (KHTML, like Gecko) Chrome/73.0.3683.86 Safari/537.36 [] {"uid":"a1ab03e"}
[2019-06-13 15:54:01] UTN FRA LOGGER.INFO: ip =::1 [] {"uid":"a1ab03e"}
[2019-06-13 15:54:01] UTN FRA LOGGER.INFO: Datos  =Mozilla/5.0 (X11; Linux x86_64) AppleWebKit/537.36 (KHTML, like Gecko) Chrome/73.0.3683.86 Safari/537.36 [] {"uid":"74bb1fc"}
[2019-06-13 15:54:01] UTN FRA LOGGER.INFO: ip =::1 [] {"uid":"74bb1fc"}
[2019-06-13 15:54:01] UTN FRA LOGGER.INFO: Datos  =Mozilla/5.0 (X11; Linux x86_64) AppleWebKit/537.36 (KHTML, like Gecko) Chrome/73.0.3683.86 Safari/537.36 [] {"uid":"e07b9d7"}
[2019-06-13 15:54:01] UTN FRA LOGGER.INFO: ip =::1 [] {"uid":"e07b9d7"}
[2019-06-13 15:54:01] UTN FRA LOGGER.INFO: Datos  =Mozilla/5.0 (X11; Linux x86_64) AppleWebKit/537.36 (KHTML, like Gecko) Chrome/73.0.3683.86 Safari/537.36 [] {"uid":"b3e7a0b"}
[2019-06-13 15:54:01] UTN FRA LOGGER.INFO: ip =::1 [] {"uid":"b3e7a0b"}
[2019-06-13 15:54:02] UTN FRA LOGGER.INFO: Datos  =Mozilla/5.0 (X11; Linux x86_64) AppleWebKit/537.36 (KHTML, like Gecko) Chrome/73.0.3683.86 Safari/537.36 [] {"uid":"e6fa77e"}
[2019-06-13 15:54:02] UTN FRA LOGGER.INFO: ip =::1 [] {"uid":"e6fa77e"}
[2019-06-13 15:54:02] UTN FRA LOGGER.INFO: Datos  =Mozilla/5.0 (X11; Linux x86_64) AppleWebKit/537.36 (KHTML, like Gecko) Chrome/73.0.3683.86 Safari/537.36 [] {"uid":"262fbd8"}
[2019-06-13 15:54:02] UTN FRA LOGGER.INFO: ip =::1 [] {"uid":"262fbd8"}
[2019-06-13 15:54:29] UTN FRA LOGGER.INFO: Datos  =Mozilla/5.0 (X11; Linux x86_64) AppleWebKit/537.36 (KHTML, like Gecko) Chrome/73.0.3683.86 Safari/537.36 [] {"uid":"69026c5"}
[2019-06-13 15:54:29] UTN FRA LOGGER.INFO: ip =::1 [] {"uid":"69026c5"}
[2019-06-13 15:54:53] UTN FRA LOGGER.INFO: Datos  =Mozilla/5.0 (X11; Linux x86_64) AppleWebKit/537.36 (KHTML, like Gecko) Chrome/73.0.3683.86 Safari/537.36 [] {"uid":"7f80bac"}
[2019-06-13 15:54:53] UTN FRA LOGGER.INFO: ip =::1 [] {"uid":"7f80bac"}
[2019-06-13 16:14:20] UTN FRA LOGGER.INFO: Datos  =PostmanRuntime/7.1.1 [] {"uid":"f37f107"}
[2019-06-13 16:14:20] UTN FRA LOGGER.INFO: ip =::1 [] {"uid":"f37f107"}
[2019-06-13 16:14:25] UTN FRA LOGGER.INFO: Datos  =PostmanRuntime/7.1.1 [] {"uid":"f86c548"}
[2019-06-13 16:14:25] UTN FRA LOGGER.INFO: ip =::1 [] {"uid":"f86c548"}
[2019-06-13 16:16:52] UTN FRA LOGGER.INFO: Datos  =PostmanRuntime/7.1.1 [] {"uid":"cfce916"}
[2019-06-13 16:16:52] UTN FRA LOGGER.INFO: ip =::1 [] {"uid":"cfce916"}
[2019-06-13 16:16:56] UTN FRA LOGGER.INFO: Datos  =PostmanRuntime/7.1.1 [] {"uid":"24b074c"}
[2019-06-13 16:16:56] UTN FRA LOGGER.INFO: ip =::1 [] {"uid":"24b074c"}
[2019-06-13 16:17:07] UTN FRA LOGGER.INFO: Datos  =PostmanRuntime/7.1.1 [] {"uid":"fecc8fc"}
[2019-06-13 16:17:07] UTN FRA LOGGER.INFO: ip =::1 [] {"uid":"fecc8fc"}
[2019-06-13 16:19:09] UTN FRA LOGGER.INFO: Datos  =Mozilla/5.0 (X11; Linux x86_64) AppleWebKit/537.36 (KHTML, like Gecko) Chrome/73.0.3683.86 Safari/537.36 [] {"uid":"e2193d4"}
[2019-06-13 16:19:09] UTN FRA LOGGER.INFO: ip =::1 [] {"uid":"e2193d4"}
[2019-06-13 16:19:58] UTN FRA LOGGER.INFO: Datos  =Mozilla/5.0 (X11; Linux x86_64) AppleWebKit/537.36 (KHTML, like Gecko) Chrome/73.0.3683.86 Safari/537.36 [] {"uid":"d83d781"}
[2019-06-13 16:19:58] UTN FRA LOGGER.INFO: ip =::1 [] {"uid":"d83d781"}
[2019-06-13 16:20:00] UTN FRA LOGGER.INFO: Datos  =Mozilla/5.0 (X11; Linux x86_64) AppleWebKit/537.36 (KHTML, like Gecko) Chrome/73.0.3683.86 Safari/537.36 [] {"uid":"89e32cc"}
[2019-06-13 16:20:00] UTN FRA LOGGER.INFO: ip =::1 [] {"uid":"89e32cc"}
[2019-06-13 16:20:32] UTN FRA LOGGER.INFO: Datos  =Mozilla/5.0 (X11; Linux x86_64) AppleWebKit/537.36 (KHTML, like Gecko) Chrome/73.0.3683.86 Safari/537.36 [] {"uid":"434586f"}
[2019-06-13 16:20:32] UTN FRA LOGGER.INFO: ip =::1 [] {"uid":"434586f"}
[2019-06-13 16:20:40] UTN FRA LOGGER.INFO: Datos  =PostmanRuntime/7.1.1 [] {"uid":"87cac8e"}
[2019-06-13 16:20:40] UTN FRA LOGGER.INFO: ip =::1 [] {"uid":"87cac8e"}
[2019-11-16 15:34:25] UTN FRA LOGGER.INFO: Datos  =PostmanRuntime/7.16.3 [] {"uid":"d450205"}
[2019-11-16 15:34:25] UTN FRA LOGGER.INFO: ip =::1 [] {"uid":"d450205"}
[2019-11-16 16:02:46] UTN FRA LOGGER.INFO: Datos  =PostmanRuntime/7.16.3 [] {"uid":"61c9088"}
[2019-11-16 16:02:46] UTN FRA LOGGER.INFO: ip =::1 [] {"uid":"61c9088"}
[2019-11-16 16:03:31] UTN FRA LOGGER.INFO: Datos  =PostmanRuntime/7.16.3 [] {"uid":"69e5590"}
[2019-11-16 16:03:31] UTN FRA LOGGER.INFO: ip =::1 [] {"uid":"69e5590"}
[2019-11-16 16:04:58] UTN FRA LOGGER.INFO: Datos  =PostmanRuntime/7.16.3 [] {"uid":"b5587b3"}
[2019-11-16 16:04:58] UTN FRA LOGGER.INFO: ip =::1 [] {"uid":"b5587b3"}
[2019-11-16 16:05:11] UTN FRA LOGGER.INFO: Datos  =PostmanRuntime/7.16.3 [] {"uid":"6dffadf"}
[2019-11-16 16:05:11] UTN FRA LOGGER.INFO: ip =::1 [] {"uid":"6dffadf"}
[2019-11-16 16:05:30] UTN FRA LOGGER.INFO: Datos  =PostmanRuntime/7.16.3 [] {"uid":"9b954a9"}
[2019-11-16 16:05:30] UTN FRA LOGGER.INFO: ip =::1 [] {"uid":"9b954a9"}
[2019-11-16 16:11:03] UTN FRA LOGGER.INFO: Datos  =PostmanRuntime/7.16.3 [] {"uid":"a570406"}
[2019-11-16 16:11:03] UTN FRA LOGGER.INFO: ip =::1 [] {"uid":"a570406"}
[2019-11-16 16:13:56] UTN FRA LOGGER.INFO: Datos  =PostmanRuntime/7.16.3 [] {"uid":"46ab7cd"}
[2019-11-16 16:13:56] UTN FRA LOGGER.INFO: ip =::1 [] {"uid":"46ab7cd"}
[2019-11-16 16:34:33] UTN FRA LOGGER.INFO: Datos  =PostmanRuntime/7.16.3 [] {"uid":"7d278f2"}
[2019-11-16 16:34:33] UTN FRA LOGGER.INFO: ip =::1 [] {"uid":"7d278f2"}
[2019-11-16 16:35:20] UTN FRA LOGGER.INFO: Datos  =PostmanRuntime/7.16.3 [] {"uid":"0346a9e"}
[2019-11-16 16:35:20] UTN FRA LOGGER.INFO: ip =::1 [] {"uid":"0346a9e"}
[2019-11-16 16:35:52] UTN FRA LOGGER.INFO: Datos  =PostmanRuntime/7.16.3 [] {"uid":"b2f9992"}
[2019-11-16 16:35:52] UTN FRA LOGGER.INFO: ip =::1 [] {"uid":"b2f9992"}
[2019-11-16 16:36:46] UTN FRA LOGGER.INFO: Datos  =PostmanRuntime/7.16.3 [] {"uid":"5bcb6c1"}
[2019-11-16 16:36:46] UTN FRA LOGGER.INFO: ip =::1 [] {"uid":"5bcb6c1"}
[2019-11-16 16:39:00] UTN FRA LOGGER.INFO: Datos  =PostmanRuntime/7.16.3 [] {"uid":"0a91cb2"}
[2019-11-16 16:39:00] UTN FRA LOGGER.INFO: ip =::1 [] {"uid":"0a91cb2"}
[2019-11-16 16:40:58] UTN FRA LOGGER.INFO: Datos  =PostmanRuntime/7.16.3 [] {"uid":"ef8dda4"}
[2019-11-16 16:40:58] UTN FRA LOGGER.INFO: ip =::1 [] {"uid":"ef8dda4"}
[2019-11-16 16:43:48] UTN FRA LOGGER.INFO: Datos  =PostmanRuntime/7.16.3 [] {"uid":"3deeb1d"}
[2019-11-16 16:43:48] UTN FRA LOGGER.INFO: ip =::1 [] {"uid":"3deeb1d"}
[2019-11-16 16:46:04] UTN FRA LOGGER.INFO: Datos  =PostmanRuntime/7.16.3 [] {"uid":"86a79b4"}
[2019-11-16 16:46:04] UTN FRA LOGGER.INFO: ip =::1 [] {"uid":"86a79b4"}
[2019-11-16 16:47:00] UTN FRA LOGGER.INFO: Datos  =PostmanRuntime/7.16.3 [] {"uid":"9f65f11"}
[2019-11-16 16:47:00] UTN FRA LOGGER.INFO: ip =::1 [] {"uid":"9f65f11"}
[2019-11-16 16:50:13] UTN FRA LOGGER.INFO: Datos  =PostmanRuntime/7.16.3 [] {"uid":"5eff141"}
[2019-11-16 16:50:13] UTN FRA LOGGER.INFO: ip =::1 [] {"uid":"5eff141"}
[2019-11-16 16:50:32] UTN FRA LOGGER.INFO: Datos  =PostmanRuntime/7.16.3 [] {"uid":"f93b69c"}
[2019-11-16 16:50:32] UTN FRA LOGGER.INFO: ip =::1 [] {"uid":"f93b69c"}
[2019-11-16 16:51:25] UTN FRA LOGGER.INFO: Datos  =PostmanRuntime/7.16.3 [] {"uid":"6c61a0f"}
[2019-11-16 16:51:25] UTN FRA LOGGER.INFO: ip =::1 [] {"uid":"6c61a0f"}
[2019-11-16 16:52:07] UTN FRA LOGGER.INFO: Datos  =PostmanRuntime/7.16.3 [] {"uid":"9310547"}
[2019-11-16 16:52:07] UTN FRA LOGGER.INFO: ip =::1 [] {"uid":"9310547"}
[2019-11-16 16:54:01] UTN FRA LOGGER.INFO: Datos  =PostmanRuntime/7.16.3 [] {"uid":"e9233a6"}
[2019-11-16 16:54:01] UTN FRA LOGGER.INFO: ip =::1 [] {"uid":"e9233a6"}
[2019-11-16 16:54:14] UTN FRA LOGGER.INFO: Datos  =PostmanRuntime/7.16.3 [] {"uid":"2a70ad7"}
[2019-11-16 16:54:14] UTN FRA LOGGER.INFO: ip =::1 [] {"uid":"2a70ad7"}
[2019-11-16 16:59:43] UTN FRA LOGGER.INFO: Datos  =PostmanRuntime/7.16.3 [] {"uid":"d10a516"}
[2019-11-16 16:59:43] UTN FRA LOGGER.INFO: ip =::1 [] {"uid":"d10a516"}
[2019-11-16 16:59:54] UTN FRA LOGGER.INFO: Datos  =PostmanRuntime/7.16.3 [] {"uid":"81e704b"}
[2019-11-16 16:59:54] UTN FRA LOGGER.INFO: ip =::1 [] {"uid":"81e704b"}
[2019-11-16 17:00:24] UTN FRA LOGGER.INFO: Datos  =PostmanRuntime/7.16.3 [] {"uid":"ad03146"}
[2019-11-16 17:00:24] UTN FRA LOGGER.INFO: ip =::1 [] {"uid":"ad03146"}
[2019-11-16 17:00:34] UTN FRA LOGGER.INFO: Datos  =PostmanRuntime/7.16.3 [] {"uid":"d53627b"}
[2019-11-16 17:00:34] UTN FRA LOGGER.INFO: ip =::1 [] {"uid":"d53627b"}
[2019-11-16 17:00:54] UTN FRA LOGGER.INFO: Datos  =PostmanRuntime/7.16.3 [] {"uid":"0e3b47e"}
[2019-11-16 17:00:54] UTN FRA LOGGER.INFO: ip =::1 [] {"uid":"0e3b47e"}
[2019-11-16 17:14:57] UTN FRA LOGGER.INFO: Datos  =PostmanRuntime/7.16.3 [] {"uid":"946e841"}
[2019-11-16 17:14:57] UTN FRA LOGGER.INFO: ip =::1 [] {"uid":"946e841"}
[2019-11-16 17:15:05] UTN FRA LOGGER.INFO: Datos  =PostmanRuntime/7.16.3 [] {"uid":"3929819"}
[2019-11-16 17:15:05] UTN FRA LOGGER.INFO: ip =::1 [] {"uid":"3929819"}
[2019-11-16 17:15:10] UTN FRA LOGGER.INFO: Datos  =PostmanRuntime/7.16.3 [] {"uid":"f649d29"}
[2019-11-16 17:15:10] UTN FRA LOGGER.INFO: ip =::1 [] {"uid":"f649d29"}
[2019-11-16 17:25:26] UTN FRA LOGGER.INFO: Datos  =PostmanRuntime/7.16.3 [] {"uid":"fa762b4"}
[2019-11-16 17:25:26] UTN FRA LOGGER.INFO: ip =::1 [] {"uid":"fa762b4"}
[2019-11-16 17:25:36] UTN FRA LOGGER.INFO: Datos  =PostmanRuntime/7.16.3 [] {"uid":"64be4f0"}
[2019-11-16 17:25:36] UTN FRA LOGGER.INFO: ip =::1 [] {"uid":"64be4f0"}
[2019-11-16 17:26:19] UTN FRA LOGGER.INFO: Datos  =PostmanRuntime/7.16.3 [] {"uid":"c65b669"}
[2019-11-16 17:26:19] UTN FRA LOGGER.INFO: ip =::1 [] {"uid":"c65b669"}
[2019-11-16 17:26:24] UTN FRA LOGGER.INFO: Datos  =PostmanRuntime/7.16.3 [] {"uid":"f6bee4d"}
[2019-11-16 17:26:24] UTN FRA LOGGER.INFO: ip =::1 [] {"uid":"f6bee4d"}
[2019-11-16 17:26:52] UTN FRA LOGGER.INFO: Datos  =PostmanRuntime/7.16.3 [] {"uid":"9f394c2"}
[2019-11-16 17:26:52] UTN FRA LOGGER.INFO: ip =::1 [] {"uid":"9f394c2"}
[2019-11-16 17:27:17] UTN FRA LOGGER.INFO: Datos  =PostmanRuntime/7.16.3 [] {"uid":"3fa2328"}
[2019-11-16 17:27:17] UTN FRA LOGGER.INFO: ip =::1 [] {"uid":"3fa2328"}
[2019-11-16 17:30:29] UTN FRA LOGGER.INFO: Datos  =PostmanRuntime/7.16.3 [] {"uid":"f046a87"}
[2019-11-16 17:30:29] UTN FRA LOGGER.INFO: ip =::1 [] {"uid":"f046a87"}
[2019-11-16 17:31:03] UTN FRA LOGGER.INFO: Datos  =PostmanRuntime/7.16.3 [] {"uid":"08e4605"}
[2019-11-16 17:31:03] UTN FRA LOGGER.INFO: ip =::1 [] {"uid":"08e4605"}
[2019-11-16 17:31:14] UTN FRA LOGGER.INFO: Datos  =PostmanRuntime/7.16.3 [] {"uid":"3442958"}
[2019-11-16 17:31:14] UTN FRA LOGGER.INFO: ip =::1 [] {"uid":"3442958"}
[2019-11-16 17:31:41] UTN FRA LOGGER.INFO: Datos  =PostmanRuntime/7.16.3 [] {"uid":"16d3c0b"}
[2019-11-16 17:31:41] UTN FRA LOGGER.INFO: ip =::1 [] {"uid":"16d3c0b"}
[2019-11-16 17:32:29] UTN FRA LOGGER.INFO: Datos  =PostmanRuntime/7.16.3 [] {"uid":"b7613c6"}
[2019-11-16 17:32:29] UTN FRA LOGGER.INFO: ip =::1 [] {"uid":"b7613c6"}
[2019-11-16 17:53:59] UTN FRA LOGGER.INFO: Datos  =PostmanRuntime/7.16.3 [] {"uid":"fa20d37"}
[2019-11-16 17:53:59] UTN FRA LOGGER.INFO: ip =::1 [] {"uid":"fa20d37"}
[2019-11-16 17:54:04] UTN FRA LOGGER.INFO: Datos  =PostmanRuntime/7.16.3 [] {"uid":"e3b137a"}
[2019-11-16 17:54:04] UTN FRA LOGGER.INFO: ip =::1 [] {"uid":"e3b137a"}
[2019-11-16 17:54:19] UTN FRA LOGGER.INFO: Datos  =PostmanRuntime/7.16.3 [] {"uid":"37e3ee3"}
[2019-11-16 17:54:19] UTN FRA LOGGER.INFO: ip =::1 [] {"uid":"37e3ee3"}
[2019-11-16 18:08:43] UTN FRA LOGGER.INFO: Datos  =PostmanRuntime/7.16.3 [] {"uid":"4ae00f9"}
[2019-11-16 18:08:43] UTN FRA LOGGER.INFO: ip =::1 [] {"uid":"4ae00f9"}
[2019-11-16 18:10:21] UTN FRA LOGGER.INFO: Datos  =PostmanRuntime/7.16.3 [] {"uid":"e63a2a2"}
[2019-11-16 18:10:21] UTN FRA LOGGER.INFO: ip =::1 [] {"uid":"e63a2a2"}
[2019-11-16 18:10:49] UTN FRA LOGGER.INFO: Datos  =PostmanRuntime/7.16.3 [] {"uid":"b3345c3"}
[2019-11-16 18:10:49] UTN FRA LOGGER.INFO: ip =::1 [] {"uid":"b3345c3"}
[2019-11-16 18:11:19] UTN FRA LOGGER.INFO: Datos  =PostmanRuntime/7.16.3 [] {"uid":"a02cf3a"}
[2019-11-16 18:11:19] UTN FRA LOGGER.INFO: ip =::1 [] {"uid":"a02cf3a"}
[2019-11-16 19:09:30] UTN FRA LOGGER.INFO: Datos  =PostmanRuntime/7.16.3 [] {"uid":"fe1dc0e"}
[2019-11-16 19:09:30] UTN FRA LOGGER.INFO: ip =::1 [] {"uid":"fe1dc0e"}
[2019-11-16 19:09:49] UTN FRA LOGGER.INFO: Datos  =PostmanRuntime/7.16.3 [] {"uid":"7addf8b"}
[2019-11-16 19:09:49] UTN FRA LOGGER.INFO: ip =::1 [] {"uid":"7addf8b"}
[2019-11-16 19:10:09] UTN FRA LOGGER.INFO: Datos  =PostmanRuntime/7.16.3 [] {"uid":"ea5bd46"}
[2019-11-16 19:10:09] UTN FRA LOGGER.INFO: ip =::1 [] {"uid":"ea5bd46"}
[2019-11-16 19:10:21] UTN FRA LOGGER.INFO: Datos  =PostmanRuntime/7.16.3 [] {"uid":"7d9646d"}
[2019-11-16 19:10:21] UTN FRA LOGGER.INFO: ip =::1 [] {"uid":"7d9646d"}
[2019-11-16 19:10:39] UTN FRA LOGGER.INFO: Datos  =PostmanRuntime/7.16.3 [] {"uid":"fe21a0d"}
[2019-11-16 19:10:39] UTN FRA LOGGER.INFO: ip =::1 [] {"uid":"fe21a0d"}
[2019-11-16 19:12:03] UTN FRA LOGGER.INFO: Datos  =PostmanRuntime/7.16.3 [] {"uid":"7036864"}
[2019-11-16 19:12:03] UTN FRA LOGGER.INFO: ip =::1 [] {"uid":"7036864"}
[2019-11-16 19:13:08] UTN FRA LOGGER.INFO: Datos  =PostmanRuntime/7.16.3 [] {"uid":"a1d4790"}
[2019-11-16 19:13:08] UTN FRA LOGGER.INFO: ip =::1 [] {"uid":"a1d4790"}
[2019-11-16 19:13:24] UTN FRA LOGGER.INFO: Datos  =PostmanRuntime/7.16.3 [] {"uid":"fd98a23"}
[2019-11-16 19:13:24] UTN FRA LOGGER.INFO: ip =::1 [] {"uid":"fd98a23"}
[2019-11-16 19:14:03] UTN FRA LOGGER.INFO: Datos  =PostmanRuntime/7.16.3 [] {"uid":"7e72cce"}
[2019-11-16 19:14:03] UTN FRA LOGGER.INFO: ip =::1 [] {"uid":"7e72cce"}
[2019-11-16 19:14:21] UTN FRA LOGGER.INFO: Datos  =PostmanRuntime/7.16.3 [] {"uid":"d6edaf1"}
[2019-11-16 19:14:21] UTN FRA LOGGER.INFO: ip =::1 [] {"uid":"d6edaf1"}
[2019-11-16 19:15:58] UTN FRA LOGGER.INFO: Datos  =PostmanRuntime/7.16.3 [] {"uid":"d4ddaf8"}
[2019-11-16 19:15:58] UTN FRA LOGGER.INFO: ip =::1 [] {"uid":"d4ddaf8"}
[2019-11-16 19:16:17] UTN FRA LOGGER.INFO: Datos  =PostmanRuntime/7.16.3 [] {"uid":"89b5e27"}
[2019-11-16 19:16:17] UTN FRA LOGGER.INFO: ip =::1 [] {"uid":"89b5e27"}
[2019-11-16 19:19:02] UTN FRA LOGGER.INFO: Datos  =PostmanRuntime/7.16.3 [] {"uid":"e14580e"}
[2019-11-16 19:19:02] UTN FRA LOGGER.INFO: ip =::1 [] {"uid":"e14580e"}
[2019-11-16 19:20:13] UTN FRA LOGGER.INFO: Datos  =PostmanRuntime/7.16.3 [] {"uid":"e994297"}
[2019-11-16 19:20:13] UTN FRA LOGGER.INFO: ip =::1 [] {"uid":"e994297"}
[2019-11-16 19:21:33] UTN FRA LOGGER.INFO: Datos  =PostmanRuntime/7.16.3 [] {"uid":"e30e828"}
[2019-11-16 19:21:33] UTN FRA LOGGER.INFO: ip =::1 [] {"uid":"e30e828"}
[2019-11-16 19:21:41] UTN FRA LOGGER.INFO: Datos  =PostmanRuntime/7.16.3 [] {"uid":"812ec67"}
[2019-11-16 19:21:41] UTN FRA LOGGER.INFO: ip =::1 [] {"uid":"812ec67"}
[2019-11-16 19:22:04] UTN FRA LOGGER.INFO: Datos  =PostmanRuntime/7.16.3 [] {"uid":"d747032"}
[2019-11-16 19:22:04] UTN FRA LOGGER.INFO: ip =::1 [] {"uid":"d747032"}
[2019-11-16 19:23:15] UTN FRA LOGGER.INFO: Datos  =PostmanRuntime/7.16.3 [] {"uid":"6ce047c"}
[2019-11-16 19:23:15] UTN FRA LOGGER.INFO: ip =::1 [] {"uid":"6ce047c"}
[2019-11-16 19:23:49] UTN FRA LOGGER.INFO: Datos  =PostmanRuntime/7.16.3 [] {"uid":"79698a2"}
[2019-11-16 19:23:49] UTN FRA LOGGER.INFO: ip =::1 [] {"uid":"79698a2"}
[2019-11-16 19:24:09] UTN FRA LOGGER.INFO: Datos  =PostmanRuntime/7.16.3 [] {"uid":"73f501b"}
[2019-11-16 19:24:09] UTN FRA LOGGER.INFO: ip =::1 [] {"uid":"73f501b"}
[2019-11-16 19:34:30] UTN FRA LOGGER.INFO: Datos  =PostmanRuntime/7.16.3 [] {"uid":"a0247e9"}
[2019-11-16 19:34:30] UTN FRA LOGGER.INFO: ip =::1 [] {"uid":"a0247e9"}
[2019-11-16 19:35:08] UTN FRA LOGGER.INFO: Datos  =PostmanRuntime/7.16.3 [] {"uid":"490ed24"}
[2019-11-16 19:35:08] UTN FRA LOGGER.INFO: ip =::1 [] {"uid":"490ed24"}
[2019-11-16 19:35:45] UTN FRA LOGGER.INFO: Datos  =PostmanRuntime/7.16.3 [] {"uid":"943dc44"}
[2019-11-16 19:35:45] UTN FRA LOGGER.INFO: ip =::1 [] {"uid":"943dc44"}
[2019-11-16 19:36:40] UTN FRA LOGGER.INFO: Datos  =PostmanRuntime/7.16.3 [] {"uid":"2c2d9d6"}
[2019-11-16 19:36:40] UTN FRA LOGGER.INFO: ip =::1 [] {"uid":"2c2d9d6"}
[2019-11-16 19:37:13] UTN FRA LOGGER.INFO: Datos  =PostmanRuntime/7.16.3 [] {"uid":"455f6fd"}
[2019-11-16 19:37:13] UTN FRA LOGGER.INFO: ip =::1 [] {"uid":"455f6fd"}
[2019-11-16 19:40:06] UTN FRA LOGGER.INFO: Datos  =PostmanRuntime/7.16.3 [] {"uid":"76f570f"}
[2019-11-16 19:40:06] UTN FRA LOGGER.INFO: ip =::1 [] {"uid":"76f570f"}
[2019-11-16 19:41:37] UTN FRA LOGGER.INFO: Datos  =PostmanRuntime/7.16.3 [] {"uid":"08c763c"}
[2019-11-16 19:41:37] UTN FRA LOGGER.INFO: ip =::1 [] {"uid":"08c763c"}
[2019-11-16 19:42:06] UTN FRA LOGGER.INFO: Datos  =PostmanRuntime/7.16.3 [] {"uid":"5133746"}
[2019-11-16 19:42:06] UTN FRA LOGGER.INFO: ip =::1 [] {"uid":"5133746"}
[2019-11-16 19:46:19] UTN FRA LOGGER.INFO: Datos  =PostmanRuntime/7.16.3 [] {"uid":"590bb03"}
[2019-11-16 19:46:19] UTN FRA LOGGER.INFO: ip =::1 [] {"uid":"590bb03"}
[2019-11-16 19:47:03] UTN FRA LOGGER.INFO: Datos  =PostmanRuntime/7.16.3 [] {"uid":"d898888"}
[2019-11-16 19:47:03] UTN FRA LOGGER.INFO: ip =::1 [] {"uid":"d898888"}
[2019-11-16 19:50:00] UTN FRA LOGGER.INFO: Datos  =PostmanRuntime/7.16.3 [] {"uid":"8e8126a"}
[2019-11-16 19:50:00] UTN FRA LOGGER.INFO: ip =::1 [] {"uid":"8e8126a"}
[2019-11-16 19:50:08] UTN FRA LOGGER.INFO: Datos  =PostmanRuntime/7.16.3 [] {"uid":"d7656f5"}
[2019-11-16 19:50:08] UTN FRA LOGGER.INFO: ip =::1 [] {"uid":"d7656f5"}
[2019-11-16 19:50:18] UTN FRA LOGGER.INFO: Datos  =PostmanRuntime/7.16.3 [] {"uid":"67e156c"}
[2019-11-16 19:50:18] UTN FRA LOGGER.INFO: ip =::1 [] {"uid":"67e156c"}
[2019-11-16 19:50:35] UTN FRA LOGGER.INFO: Datos  =PostmanRuntime/7.16.3 [] {"uid":"1e6b9e2"}
[2019-11-16 19:50:35] UTN FRA LOGGER.INFO: ip =::1 [] {"uid":"1e6b9e2"}
[2019-11-16 19:50:52] UTN FRA LOGGER.INFO: Datos  =PostmanRuntime/7.16.3 [] {"uid":"0097a1f"}
[2019-11-16 19:50:52] UTN FRA LOGGER.INFO: ip =::1 [] {"uid":"0097a1f"}
[2019-11-16 19:52:34] UTN FRA LOGGER.INFO: Datos  =PostmanRuntime/7.16.3 [] {"uid":"abf7e4c"}
[2019-11-16 19:52:34] UTN FRA LOGGER.INFO: ip =::1 [] {"uid":"abf7e4c"}
[2019-11-16 20:02:07] UTN FRA LOGGER.INFO: Datos  =PostmanRuntime/7.16.3 [] {"uid":"f14c9a7"}
[2019-11-16 20:02:07] UTN FRA LOGGER.INFO: ip =::1 [] {"uid":"f14c9a7"}
[2019-11-16 20:03:10] UTN FRA LOGGER.INFO: Datos  =PostmanRuntime/7.16.3 [] {"uid":"a564dd6"}
[2019-11-16 20:03:10] UTN FRA LOGGER.INFO: ip =::1 [] {"uid":"a564dd6"}
[2019-11-16 20:04:01] UTN FRA LOGGER.INFO: Datos  =PostmanRuntime/7.16.3 [] {"uid":"ae6a9cd"}
[2019-11-16 20:04:01] UTN FRA LOGGER.INFO: ip =::1 [] {"uid":"ae6a9cd"}
[2019-11-16 20:04:30] UTN FRA LOGGER.INFO: Datos  =PostmanRuntime/7.16.3 [] {"uid":"53f9608"}
[2019-11-16 20:04:30] UTN FRA LOGGER.INFO: ip =::1 [] {"uid":"53f9608"}
[2019-11-16 20:05:13] UTN FRA LOGGER.INFO: Datos  =PostmanRuntime/7.16.3 [] {"uid":"67dae1d"}
[2019-11-16 20:05:13] UTN FRA LOGGER.INFO: ip =::1 [] {"uid":"67dae1d"}
[2019-11-16 20:06:07] UTN FRA LOGGER.INFO: Datos  =PostmanRuntime/7.16.3 [] {"uid":"9a7f57e"}
[2019-11-16 20:06:07] UTN FRA LOGGER.INFO: ip =::1 [] {"uid":"9a7f57e"}
[2019-11-16 20:08:54] UTN FRA LOGGER.INFO: Datos  =PostmanRuntime/7.16.3 [] {"uid":"baacad9"}
[2019-11-16 20:08:54] UTN FRA LOGGER.INFO: ip =::1 [] {"uid":"baacad9"}
[2019-11-16 20:09:11] UTN FRA LOGGER.INFO: Datos  =PostmanRuntime/7.16.3 [] {"uid":"135f4f3"}
[2019-11-16 20:09:11] UTN FRA LOGGER.INFO: ip =::1 [] {"uid":"135f4f3"}
[2019-11-16 20:09:43] UTN FRA LOGGER.INFO: Datos  =PostmanRuntime/7.16.3 [] {"uid":"c7ba425"}
[2019-11-16 20:09:43] UTN FRA LOGGER.INFO: ip =::1 [] {"uid":"c7ba425"}
[2019-11-16 20:10:37] UTN FRA LOGGER.INFO: Datos  =PostmanRuntime/7.16.3 [] {"uid":"96ced96"}
[2019-11-16 20:10:37] UTN FRA LOGGER.INFO: ip =::1 [] {"uid":"96ced96"}
[2019-11-16 20:10:59] UTN FRA LOGGER.INFO: Datos  =PostmanRuntime/7.16.3 [] {"uid":"66c6ec9"}
[2019-11-16 20:10:59] UTN FRA LOGGER.INFO: ip =::1 [] {"uid":"66c6ec9"}
[2019-11-16 20:12:11] UTN FRA LOGGER.INFO: Datos  =PostmanRuntime/7.16.3 [] {"uid":"16cfa1d"}
[2019-11-16 20:12:11] UTN FRA LOGGER.INFO: ip =::1 [] {"uid":"16cfa1d"}
[2019-11-16 20:13:16] UTN FRA LOGGER.INFO: Datos  =PostmanRuntime/7.16.3 [] {"uid":"746661f"}
[2019-11-16 20:13:16] UTN FRA LOGGER.INFO: ip =::1 [] {"uid":"746661f"}
[2019-11-16 20:14:35] UTN FRA LOGGER.INFO: Datos  =PostmanRuntime/7.16.3 [] {"uid":"21b2f02"}
[2019-11-16 20:14:35] UTN FRA LOGGER.INFO: ip =::1 [] {"uid":"21b2f02"}
[2019-11-16 20:20:38] UTN FRA LOGGER.INFO: Datos  =PostmanRuntime/7.16.3 [] {"uid":"e1380f8"}
[2019-11-16 20:20:38] UTN FRA LOGGER.INFO: ip =::1 [] {"uid":"e1380f8"}
[2019-11-16 20:21:18] UTN FRA LOGGER.INFO: Datos  =PostmanRuntime/7.16.3 [] {"uid":"68fa690"}
[2019-11-16 20:21:18] UTN FRA LOGGER.INFO: ip =::1 [] {"uid":"68fa690"}
[2019-11-16 20:21:43] UTN FRA LOGGER.INFO: Datos  =PostmanRuntime/7.16.3 [] {"uid":"1fe7514"}
[2019-11-16 20:21:43] UTN FRA LOGGER.INFO: ip =::1 [] {"uid":"1fe7514"}
[2019-11-16 20:28:08] UTN FRA LOGGER.INFO: Datos  =PostmanRuntime/7.16.3 [] {"uid":"1b3c446"}
[2019-11-16 20:28:08] UTN FRA LOGGER.INFO: ip =::1 [] {"uid":"1b3c446"}
[2019-11-16 20:28:53] UTN FRA LOGGER.INFO: Datos  =PostmanRuntime/7.16.3 [] {"uid":"1923e61"}
[2019-11-16 20:28:53] UTN FRA LOGGER.INFO: ip =::1 [] {"uid":"1923e61"}
