[2019-11-25 04:35:16] UTN FRA LOGGER.INFO: metodo=POST, URI=http%3A%2F%2Flocalhost%2Fsp%2Fpublic, RUTA=users%2F, autoridad=localhost [] {"uid":"7d32c95"}
[2019-11-25 04:36:47] UTN FRA LOGGER.INFO: metodo=POST, URI=http%3A%2F%2Flocalhost%2Fsp%2Fpublic, RUTA=users%2F, autoridad=localhost [] {"uid":"991cef2"}
[2019-11-25 04:36:54] UTN FRA LOGGER.INFO: metodo=POST, URI=http%3A%2F%2Flocalhost%2Fsp%2Fpublic, RUTA=users%2F, autoridad=localhost [] {"uid":"184c3ff"}
[2019-11-25 04:39:43] UTN FRA LOGGER.INFO: metodo=POST, URI=http%3A%2F%2Flocalhost%2Fsp%2Fpublic, RUTA=users%2F, autoridad=localhost [] {"uid":"a635565"}
[2019-11-25 04:51:23] UTN FRA LOGGER.INFO: metodo=POST, URI=http%3A%2F%2Flocalhost%2Fsp%2Fpublic, RUTA=login, autoridad=localhost [] {"uid":"41de744"}
[2019-11-25 04:51:59] UTN FRA LOGGER.INFO: metodo=POST, URI=http%3A%2F%2Flocalhost%2Fsp%2Fpublic, RUTA=login, autoridad=localhost [] {"uid":"411fca9"}
[2019-11-25 04:52:32] UTN FRA LOGGER.INFO: metodo=POST, URI=http%3A%2F%2Flocalhost%2Fsp%2Fpublic, RUTA=login, autoridad=localhost [] {"uid":"02179f1"}
[2019-11-25 04:53:10] UTN FRA LOGGER.INFO: metodo=POST, URI=http%3A%2F%2Flocalhost%2Fsp%2Fpublic, RUTA=login, autoridad=localhost [] {"uid":"07a2a6c"}
[2019-11-25 04:53:50] UTN FRA LOGGER.INFO: metodo=POST, URI=http%3A%2F%2Flocalhost%2Fsp%2Fpublic, RUTA=login, autoridad=localhost [] {"uid":"3992a63"}
[2019-11-25 04:54:13] UTN FRA LOGGER.INFO: metodo=POST, URI=http%3A%2F%2Flocalhost%2Fsp%2Fpublic, RUTA=login, autoridad=localhost [] {"uid":"bab2bc5"}
[2019-11-25 04:54:53] UTN FRA LOGGER.INFO: metodo=POST, URI=http%3A%2F%2Flocalhost%2Fsp%2Fpublic, RUTA=login, autoridad=localhost [] {"uid":"1ec3134"}
[2019-11-25 04:55:46] UTN FRA LOGGER.INFO: metodo=POST, URI=http%3A%2F%2Flocalhost%2Fsp%2Fpublic, RUTA=login, autoridad=localhost [] {"uid":"07515fa"}
[2019-11-25 04:55:58] UTN FRA LOGGER.INFO: metodo=POST, URI=http%3A%2F%2Flocalhost%2Fsp%2Fpublic, RUTA=login, autoridad=localhost [] {"uid":"ae15bae"}
[2019-11-25 05:09:54] UTN FRA LOGGER.INFO: metodo=PUT, URI=http%3A%2F%2Flocalhost%2Fsp%2Fpublic, RUTA=login, autoridad=localhost [] {"uid":"0b950b7"}
[2019-11-25 05:10:13] UTN FRA LOGGER.INFO: metodo=PUT, URI=http%3A%2F%2Flocalhost%2Fsp%2Fpublic, RUTA=login, autoridad=localhost [] {"uid":"dcaa84a"}
[2019-11-25 05:11:15] UTN FRA LOGGER.INFO: metodo=PUT, URI=http%3A%2F%2Flocalhost%2Fsp%2Fpublic, RUTA=login, autoridad=localhost [] {"uid":"9c85bea"}
[2019-11-25 05:11:21] UTN FRA LOGGER.INFO: metodo=POST, URI=http%3A%2F%2Flocalhost%2Fsp%2Fpublic, RUTA=login, autoridad=localhost [] {"uid":"6af88a8"}
[2019-11-25 05:12:11] UTN FRA LOGGER.INFO: metodo=PUT, URI=http%3A%2F%2Flocalhost%2Fsp%2Fpublic, RUTA=ingreso, autoridad=localhost [] {"uid":"ee590eb"}
[2019-11-25 05:12:43] UTN FRA LOGGER.INFO: metodo=PUT, URI=http%3A%2F%2Flocalhost%2Fsp%2Fpublic, RUTA=ingreso%2F, autoridad=localhost [] {"uid":"401a969"}
[2019-11-25 05:13:01] UTN FRA LOGGER.INFO: metodo=POST, URI=http%3A%2F%2Flocalhost%2Fsp%2Fpublic, RUTA=ingreso%2F, autoridad=localhost [] {"uid":"35fc5af"}
[2019-11-25 05:14:14] UTN FRA LOGGER.INFO: metodo=POST, URI=http%3A%2F%2Flocalhost%2Fsp%2Fpublic, RUTA=ingreso%2F, autoridad=localhost [] {"uid":"e02ed9c"}
[2019-11-25 05:14:59] UTN FRA LOGGER.INFO: metodo=POST, URI=http%3A%2F%2Flocalhost%2Fsp%2Fpublic, RUTA=ingreso%2F, autoridad=localhost [] {"uid":"d35139b"}
[2019-11-25 05:17:14] UTN FRA LOGGER.INFO: metodo=POST, URI=http%3A%2F%2Flocalhost%2Fsp%2Fpublic, RUTA=ingreso%2F, autoridad=localhost [] {"uid":"8a22cae"}
[2019-11-25 05:17:50] UTN FRA LOGGER.INFO: metodo=POST, URI=http%3A%2F%2Flocalhost%2Fsp%2Fpublic, RUTA=ingreso%2F, autoridad=localhost [] {"uid":"e8993e0"}
[2019-11-25 05:18:40] UTN FRA LOGGER.INFO: metodo=POST, URI=http%3A%2F%2Flocalhost%2Fsp%2Fpublic, RUTA=ingreso%2F, autoridad=localhost [] {"uid":"b4eaea8"}
[2019-11-25 05:19:49] UTN FRA LOGGER.INFO: metodo=POST, URI=http%3A%2F%2Flocalhost%2Fsp%2Fpublic, RUTA=ingreso%2F, autoridad=localhost [] {"uid":"c47332c"}
[2019-11-25 05:21:45] UTN FRA LOGGER.INFO: metodo=POST, URI=http%3A%2F%2Flocalhost%2Fsp%2Fpublic, RUTA=ingreso%2F, autoridad=localhost [] {"uid":"27592ad"}
[2019-11-25 05:24:07] UTN FRA LOGGER.INFO: metodo=POST, URI=http%3A%2F%2Flocalhost%2Fsp%2Fpublic, RUTA=ingreso%2F, autoridad=localhost [] {"uid":"2eaa93f"}
[2019-11-25 05:24:24] UTN FRA LOGGER.INFO: metodo=POST, URI=http%3A%2F%2Flocalhost%2Fsp%2Fpublic, RUTA=ingreso%2F, autoridad=localhost [] {"uid":"ebd06f8"}
[2019-11-25 05:24:59] UTN FRA LOGGER.INFO: metodo=POST, URI=http%3A%2F%2Flocalhost%2Fsp%2Fpublic, RUTA=ingreso%2F, autoridad=localhost [] {"uid":"6e9ee7f"}
[2019-11-25 05:25:57] UTN FRA LOGGER.INFO: metodo=POST, URI=http%3A%2F%2Flocalhost%2Fsp%2Fpublic, RUTA=ingreso%2F, autoridad=localhost [] {"uid":"6f6b2ee"}
[2019-11-25 05:28:08] UTN FRA LOGGER.INFO: metodo=POST, URI=http%3A%2F%2Flocalhost%2Fsp%2Fpublic, RUTA=ingreso%2F, autoridad=localhost [] {"uid":"88e114d"}
[2019-11-25 05:28:24] UTN FRA LOGGER.INFO: metodo=POST, URI=http%3A%2F%2Flocalhost%2Fsp%2Fpublic, RUTA=ingreso%2F, autoridad=localhost [] {"uid":"6c38f23"}
[2019-11-25 05:29:30] UTN FRA LOGGER.INFO: metodo=POST, URI=http%3A%2F%2Flocalhost%2Fsp%2Fpublic, RUTA=ingreso%2F, autoridad=localhost [] {"uid":"79155aa"}
[2019-11-25 05:29:58] UTN FRA LOGGER.INFO: metodo=POST, URI=http%3A%2F%2Flocalhost%2Fsp%2Fpublic, RUTA=ingreso%2F, autoridad=localhost [] {"uid":"596d42b"}
[2019-11-25 05:35:35] UTN FRA LOGGER.INFO: metodo=POST, URI=http%3A%2F%2Flocalhost%2Fsp%2Fpublic, RUTA=ingreso%2F, autoridad=localhost [] {"uid":"d0bafa0"}
[2019-11-25 05:36:02] UTN FRA LOGGER.INFO: metodo=POST, URI=http%3A%2F%2Flocalhost%2Fsp%2Fpublic, RUTA=ingreso%2F, autoridad=localhost [] {"uid":"ee5c575"}
[2019-11-25 05:36:07] UTN FRA LOGGER.INFO: metodo=POST, URI=http%3A%2F%2Flocalhost%2Fsp%2Fpublic, RUTA=ingreso%2F, autoridad=localhost [] {"uid":"b307503"}
[2019-11-25 05:36:14] UTN FRA LOGGER.INFO: metodo=POST, URI=http%3A%2F%2Flocalhost%2Fsp%2Fpublic, RUTA=ingreso%2F, autoridad=localhost [] {"uid":"c500b10"}
[2019-11-25 05:36:19] UTN FRA LOGGER.INFO: metodo=POST, URI=http%3A%2F%2Flocalhost%2Fsp%2Fpublic, RUTA=ingreso%2F, autoridad=localhost [] {"uid":"92a46fa"}
[2019-11-25 05:47:31] UTN FRA LOGGER.INFO: metodo=POST, URI=http%3A%2F%2Flocalhost%2Fsp%2Fpublic, RUTA=ingreso%2F, autoridad=localhost [] {"uid":"16115b0"}
[2019-11-25 05:50:07] UTN FRA LOGGER.INFO: metodo=POST, URI=http%3A%2F%2Flocalhost%2Fsp%2Fpublic, RUTA=ingreso%2F, autoridad=localhost [] {"uid":"ec43740"}
[2019-11-25 05:50:26] UTN FRA LOGGER.INFO: metodo=POST, URI=http%3A%2F%2Flocalhost%2Fsp%2Fpublic, RUTA=ingreso%2F, autoridad=localhost [] {"uid":"8614bbd"}
[2019-11-25 05:50:28] UTN FRA LOGGER.INFO: metodo=POST, URI=http%3A%2F%2Flocalhost%2Fsp%2Fpublic, RUTA=ingreso%2F, autoridad=localhost [] {"uid":"816fa07"}
[2019-11-25 05:50:58] UTN FRA LOGGER.INFO: metodo=POST, URI=http%3A%2F%2Flocalhost%2Fsp%2Fpublic, RUTA=ingreso%2F, autoridad=localhost [] {"uid":"6980126"}
[2019-11-25 05:51:09] UTN FRA LOGGER.INFO: metodo=POST, URI=http%3A%2F%2Flocalhost%2Fsp%2Fpublic, RUTA=ingreso%2F, autoridad=localhost [] {"uid":"2c896d5"}
[2019-11-25 05:51:57] UTN FRA LOGGER.INFO: metodo=POST, URI=http%3A%2F%2Flocalhost%2Fsp%2Fpublic, RUTA=ingreso%2F, autoridad=localhost [] {"uid":"dc22f53"}
[2019-11-25 06:01:14] UTN FRA LOGGER.INFO: metodo=POST, URI=http%3A%2F%2Flocalhost%2Fsp%2Fpublic, RUTA=ingreso%2F, autoridad=localhost [] {"uid":"7287913"}
[2019-11-25 06:01:22] UTN FRA LOGGER.INFO: metodo=POST, URI=http%3A%2F%2Flocalhost%2Fsp%2Fpublic, RUTA=egreso%2F, autoridad=localhost [] {"uid":"3abad08"}
[2019-11-25 06:01:29] UTN FRA LOGGER.INFO: metodo=POST, URI=http%3A%2F%2Flocalhost%2Fsp%2Fpublic, RUTA=egreso%2F, autoridad=localhost [] {"uid":"b7439c8"}
[2019-11-25 06:01:47] UTN FRA LOGGER.INFO: metodo=POST, URI=http%3A%2F%2Flocalhost%2Fsp%2Fpublic, RUTA=egreso%2F, autoridad=localhost [] {"uid":"ebf13cb"}
[2019-11-25 06:08:52] UTN FRA LOGGER.INFO: metodo=GET, URI=http%3A%2F%2Flocalhost%2Fsp%2Fpublic, RUTA=ingreso%2F, autoridad=localhost [] {"uid":"887307f"}
[2019-11-25 06:09:22] UTN FRA LOGGER.INFO: metodo=GET, URI=http%3A%2F%2Flocalhost%2Fsp%2Fpublic, RUTA=ingreso%2F, autoridad=localhost [] {"uid":"3218e14"}
[2019-11-25 06:10:25] UTN FRA LOGGER.INFO: metodo=GET, URI=http%3A%2F%2Flocalhost%2Fsp%2Fpublic, RUTA=ingreso%2F, autoridad=localhost [] {"uid":"6d458a5"}
[2019-11-25 06:10:52] UTN FRA LOGGER.INFO: metodo=GET, URI=http%3A%2F%2Flocalhost%2Fsp%2Fpublic, RUTA=ingreso%2F, autoridad=localhost [] {"uid":"f52b5dc"}
[2019-11-25 06:12:13] UTN FRA LOGGER.INFO: metodo=GET, URI=http%3A%2F%2Flocalhost%2Fsp%2Fpublic, RUTA=ingreso%2F, autoridad=localhost [] {"uid":"0154ebe"}
[2019-11-25 06:13:28] UTN FRA LOGGER.INFO: metodo=GET, URI=http%3A%2F%2Flocalhost%2Fsp%2Fpublic, RUTA=ingreso%2F, autoridad=localhost [] {"uid":"a3890ac"}
[2019-11-25 06:13:51] UTN FRA LOGGER.INFO: metodo=POST, URI=http%3A%2F%2Flocalhost%2Fsp%2Fpublic, RUTA=users%2F, autoridad=localhost [] {"uid":"f296f64"}
[2019-11-25 06:13:55] UTN FRA LOGGER.INFO: metodo=POST, URI=http%3A%2F%2Flocalhost%2Fsp%2Fpublic, RUTA=login, autoridad=localhost [] {"uid":"2060453"}
[2019-11-25 06:14:09] UTN FRA LOGGER.INFO: metodo=GET, URI=http%3A%2F%2Flocalhost%2Fsp%2Fpublic, RUTA=ingreso%2F, autoridad=localhost [] {"uid":"055e7c7"}
[2019-11-25 22:59:35] UTN FRA LOGGER.INFO: metodo=POST, URI=http%3A%2F%2Flocalhost%2Fparcial%2Fpublic, RUTA=users%2F, autoridad=localhost [] {"uid":"627a6d4"}
[2019-11-25 22:59:49] UTN FRA LOGGER.INFO: metodo=POST, URI=http%3A%2F%2Flocalhost%2Fparcial%2Fpublic, RUTA=users%2F, autoridad=localhost [] {"uid":"9ecb7dc"}
[2019-11-25 23:00:36] UTN FRA LOGGER.INFO: metodo=POST, URI=http%3A%2F%2Flocalhost%2Fparcial%2Fpublic, RUTA=users%2F, autoridad=localhost [] {"uid":"bcf7cd6"}
[2019-11-25 23:00:46] UTN FRA LOGGER.INFO: metodo=POST, URI=http%3A%2F%2Flocalhost%2Fparcial%2Fpublic, RUTA=users%2F, autoridad=localhost [] {"uid":"a46225f"}
[2019-11-25 23:01:11] UTN FRA LOGGER.INFO: metodo=POST, URI=http%3A%2F%2Flocalhost%2Fparcial%2Fpublic, RUTA=users%2F, autoridad=localhost [] {"uid":"1ea90eb"}
[2019-11-25 23:02:38] UTN FRA LOGGER.INFO: metodo=POST, URI=http%3A%2F%2Flocalhost%2Fparcial%2Fpublic, RUTA=login, autoridad=localhost [] {"uid":"bb7d572"}
[2019-11-25 23:02:47] UTN FRA LOGGER.INFO: metodo=POST, URI=http%3A%2F%2Flocalhost%2Fparcial%2Fpublic, RUTA=login, autoridad=localhost [] {"uid":"fb79c10"}
[2019-11-25 23:02:51] UTN FRA LOGGER.INFO: metodo=POST, URI=http%3A%2F%2Flocalhost%2Fparcial%2Fpublic, RUTA=login, autoridad=localhost [] {"uid":"385df97"}
[2019-11-25 23:02:59] UTN FRA LOGGER.INFO: metodo=POST, URI=http%3A%2F%2Flocalhost%2Fparcial%2Fpublic, RUTA=login, autoridad=localhost [] {"uid":"b2063bf"}
[2019-11-25 23:03:07] UTN FRA LOGGER.INFO: metodo=POST, URI=http%3A%2F%2Flocalhost%2Fparcial%2Fpublic, RUTA=login, autoridad=localhost [] {"uid":"f436b6c"}
[2019-11-25 23:11:12] UTN FRA LOGGER.INFO: metodo=POST, URI=http%3A%2F%2Flocalhost%2Fparcial%2Fpublic, RUTA=login, autoridad=localhost [] {"uid":"df03180"}
[2019-11-25 23:11:22] UTN FRA LOGGER.INFO: metodo=POST, URI=http%3A%2F%2Flocalhost%2Fparcial%2Fpublic, RUTA=login, autoridad=localhost [] {"uid":"bbb83e8"}
[2019-11-25 23:11:27] UTN FRA LOGGER.INFO: metodo=POST, URI=http%3A%2F%2Flocalhost%2Fparcial%2Fpublic, RUTA=login, autoridad=localhost [] {"uid":"3d61934"}
[2019-11-25 23:11:31] UTN FRA LOGGER.INFO: metodo=POST, URI=http%3A%2F%2Flocalhost%2Fparcial%2Fpublic, RUTA=login, autoridad=localhost [] {"uid":"8bc42ab"}
[2019-11-25 23:11:39] UTN FRA LOGGER.INFO: metodo=POST, URI=http%3A%2F%2Flocalhost%2Fparcial%2Fpublic, RUTA=login, autoridad=localhost [] {"uid":"8e3225b"}
[2019-11-25 23:11:43] UTN FRA LOGGER.INFO: metodo=POST, URI=http%3A%2F%2Flocalhost%2Fparcial%2Fpublic, RUTA=login, autoridad=localhost [] {"uid":"69aa4c1"}
[2019-11-25 23:37:39] UTN FRA LOGGER.INFO: metodo=POST, URI=http%3A%2F%2Flocalhost%2Fparcial%2Fpublic, RUTA=users%2F, autoridad=localhost [] {"uid":"7ad2eb0"}
[2019-11-25 23:39:04] UTN FRA LOGGER.INFO: metodo=POST, URI=http%3A%2F%2Flocalhost%2Fparcial%2Fpublic, RUTA=users%2F, autoridad=localhost [] {"uid":"00ba44d"}
[2019-11-25 23:39:55] UTN FRA LOGGER.INFO: metodo=POST, URI=http%3A%2F%2Flocalhost%2Fparcial%2Fpublic, RUTA=users%2F, autoridad=localhost [] {"uid":"0724a0e"}
[2019-11-25 23:40:47] UTN FRA LOGGER.INFO: metodo=POST, URI=http%3A%2F%2Flocalhost%2Fparcial%2Fpublic, RUTA=users%2F, autoridad=localhost [] {"uid":"b808032"}
[2019-11-25 23:41:15] UTN FRA LOGGER.INFO: metodo=POST, URI=http%3A%2F%2Flocalhost%2Fparcial%2Fpublic, RUTA=users%2F, autoridad=localhost [] {"uid":"85c442c"}
[2019-11-25 23:41:25] UTN FRA LOGGER.INFO: metodo=POST, URI=http%3A%2F%2Flocalhost%2Fparcial%2Fpublic, RUTA=login, autoridad=localhost [] {"uid":"56bbc24"}
[2019-11-25 23:41:30] UTN FRA LOGGER.INFO: metodo=POST, URI=http%3A%2F%2Flocalhost%2Fparcial%2Fpublic, RUTA=login, autoridad=localhost [] {"uid":"3108f2a"}
[2019-11-25 23:41:35] UTN FRA LOGGER.INFO: metodo=POST, URI=http%3A%2F%2Flocalhost%2Fparcial%2Fpublic, RUTA=login, autoridad=localhost [] {"uid":"8348b0a"}
[2019-11-25 23:41:39] UTN FRA LOGGER.INFO: metodo=POST, URI=http%3A%2F%2Flocalhost%2Fparcial%2Fpublic, RUTA=login, autoridad=localhost [] {"uid":"7c5356f"}
[2019-11-25 23:41:44] UTN FRA LOGGER.INFO: metodo=POST, URI=http%3A%2F%2Flocalhost%2Fparcial%2Fpublic, RUTA=login, autoridad=localhost [] {"uid":"20cb9b8"}
[2019-11-25 23:41:47] UTN FRA LOGGER.INFO: metodo=POST, URI=http%3A%2F%2Flocalhost%2Fparcial%2Fpublic, RUTA=login, autoridad=localhost [] {"uid":"c1b5f40"}
[2019-11-25 23:43:53] UTN FRA LOGGER.INFO: metodo=POST, URI=http%3A%2F%2Flocalhost%2Fparcial%2Fpublic, RUTA=login, autoridad=localhost [] {"uid":"a36c96e"}
[2019-11-25 23:43:56] UTN FRA LOGGER.INFO: metodo=POST, URI=http%3A%2F%2Flocalhost%2Fparcial%2Fpublic, RUTA=login, autoridad=localhost [] {"uid":"28657fb"}
[2019-11-25 23:44:02] UTN FRA LOGGER.INFO: metodo=POST, URI=http%3A%2F%2Flocalhost%2Fparcial%2Fpublic, RUTA=login, autoridad=localhost [] {"uid":"1b635d9"}
[2019-11-25 23:45:58] UTN FRA LOGGER.INFO: metodo=POST, URI=http%3A%2F%2Flocalhost%2Fparcial%2Fpublic, RUTA=users%2F, autoridad=localhost [] {"uid":"3a3842c"}
[2019-11-25 23:46:19] UTN FRA LOGGER.INFO: metodo=POST, URI=http%3A%2F%2Flocalhost%2Fparcial%2Fpublic, RUTA=users%2F, autoridad=localhost [] {"uid":"90f2744"}
[2019-11-25 23:46:31] UTN FRA LOGGER.INFO: metodo=POST, URI=http%3A%2F%2Flocalhost%2Fparcial%2Fpublic, RUTA=login, autoridad=localhost [] {"uid":"3c18e5a"}
[2019-11-25 23:46:35] UTN FRA LOGGER.INFO: metodo=POST, URI=http%3A%2F%2Flocalhost%2Fparcial%2Fpublic, RUTA=login, autoridad=localhost [] {"uid":"de03646"}
[2019-11-25 23:46:39] UTN FRA LOGGER.INFO: metodo=POST, URI=http%3A%2F%2Flocalhost%2Fparcial%2Fpublic, RUTA=login, autoridad=localhost [] {"uid":"46c85ce"}
[2019-11-25 23:46:44] UTN FRA LOGGER.INFO: metodo=POST, URI=http%3A%2F%2Flocalhost%2Fparcial%2Fpublic, RUTA=login, autoridad=localhost [] {"uid":"eb2ef0c"}
[2019-11-25 23:46:47] UTN FRA LOGGER.INFO: metodo=POST, URI=http%3A%2F%2Flocalhost%2Fparcial%2Fpublic, RUTA=login, autoridad=localhost [] {"uid":"08116e0"}
[2019-11-26 00:21:31] UTN FRA LOGGER.INFO: metodo=POST, URI=http%3A%2F%2Flocalhost%2Fparcial%2Fpublic, RUTA=login, autoridad=localhost [] {"uid":"c71f8e0"}
[2019-11-26 00:21:36] UTN FRA LOGGER.INFO: metodo=POST, URI=http%3A%2F%2Flocalhost%2Fparcial%2Fpublic, RUTA=login, autoridad=localhost [] {"uid":"1e4a43b"}
[2019-11-26 00:22:07] UTN FRA LOGGER.INFO: metodo=PUT, URI=http%3A%2F%2Flocalhost%2Fparcial%2Fpublic, RUTA=ingreso%2F, autoridad=localhost [] {"uid":"3eb1013"}
[2019-11-26 00:23:19] UTN FRA LOGGER.INFO: metodo=PUT, URI=http%3A%2F%2Flocalhost%2Fparcial%2Fpublic, RUTA=ingreso%2F, autoridad=localhost [] {"uid":"34b5d56"}
[2019-11-26 00:23:32] UTN FRA LOGGER.INFO: metodo=PUT, URI=http%3A%2F%2Flocalhost%2Fparcial%2Fpublic, RUTA=ingreso%2F, autoridad=localhost [] {"uid":"79250e1"}
[2019-11-26 00:23:35] UTN FRA LOGGER.INFO: metodo=PUT, URI=http%3A%2F%2Flocalhost%2Fparcial%2Fpublic, RUTA=ingreso%2F, autoridad=localhost [] {"uid":"fae1560"}
[2019-11-26 00:24:14] UTN FRA LOGGER.INFO: metodo=PUT, URI=http%3A%2F%2Flocalhost%2Fparcial%2Fpublic, RUTA=ingreso%2F, autoridad=localhost [] {"uid":"f330211"}
[2019-11-26 00:25:24] UTN FRA LOGGER.INFO: metodo=PUT, URI=http%3A%2F%2Flocalhost%2Fparcial%2Fpublic, RUTA=ingreso%2F, autoridad=localhost [] {"uid":"7b6136b"}
[2019-11-26 00:29:01] UTN FRA LOGGER.INFO: metodo=PUT, URI=http%3A%2F%2Flocalhost%2Fparcial%2Fpublic, RUTA=ingreso%2F, autoridad=localhost [] {"uid":"e4e535c"}
[2019-11-26 00:29:14] UTN FRA LOGGER.INFO: metodo=PUT, URI=http%3A%2F%2Flocalhost%2Fparcial%2Fpublic, RUTA=egreso%2F, autoridad=localhost [] {"uid":"8bb84e7"}
[2019-11-26 00:30:07] UTN FRA LOGGER.INFO: metodo=PUT, URI=http%3A%2F%2Flocalhost%2Fparcial%2Fpublic, RUTA=ingreso%2F, autoridad=localhost [] {"uid":"b9b04af"}
[2019-11-26 00:30:09] UTN FRA LOGGER.INFO: metodo=PUT, URI=http%3A%2F%2Flocalhost%2Fparcial%2Fpublic, RUTA=ingreso%2F, autoridad=localhost [] {"uid":"f8e2bc1"}
[2019-11-26 00:32:06] UTN FRA LOGGER.INFO: metodo=PUT, URI=http%3A%2F%2Flocalhost%2Fparcial%2Fpublic, RUTA=ingreso%2F, autoridad=localhost [] {"uid":"a8bdec1"}
[2019-11-26 00:32:54] UTN FRA LOGGER.INFO: metodo=PUT, URI=http%3A%2F%2Flocalhost%2Fparcial%2Fpublic, RUTA=ingreso%2F, autoridad=localhost [] {"uid":"c7e7a0d"}
[2019-11-26 00:33:20] UTN FRA LOGGER.INFO: metodo=PUT, URI=http%3A%2F%2Flocalhost%2Fparcial%2Fpublic, RUTA=ingreso%2F, autoridad=localhost [] {"uid":"ec850c5"}
[2019-11-26 00:33:27] UTN FRA LOGGER.INFO: metodo=PUT, URI=http%3A%2F%2Flocalhost%2Fparcial%2Fpublic, RUTA=egreso%2F, autoridad=localhost [] {"uid":"01ce6c4"}
[2019-11-26 00:34:40] UTN FRA LOGGER.INFO: metodo=PUT, URI=http%3A%2F%2Flocalhost%2Fparcial%2Fpublic, RUTA=egreso%2F, autoridad=localhost [] {"uid":"7898452"}
[2019-11-26 00:36:11] UTN FRA LOGGER.INFO: metodo=PUT, URI=http%3A%2F%2Flocalhost%2Fparcial%2Fpublic, RUTA=egreso%2F, autoridad=localhost [] {"uid":"519e248"}
[2019-11-26 00:36:21] UTN FRA LOGGER.INFO: metodo=PUT, URI=http%3A%2F%2Flocalhost%2Fparcial%2Fpublic, RUTA=egreso%2F, autoridad=localhost [] {"uid":"f71f025"}
[2019-11-26 00:37:57] UTN FRA LOGGER.INFO: metodo=PUT, URI=http%3A%2F%2Flocalhost%2Fparcial%2Fpublic, RUTA=egreso%2F, autoridad=localhost [] {"uid":"364b948"}
[2019-11-26 00:38:23] UTN FRA LOGGER.INFO: metodo=PUT, URI=http%3A%2F%2Flocalhost%2Fparcial%2Fpublic, RUTA=egreso%2F, autoridad=localhost [] {"uid":"2d4ccc8"}
[2019-11-26 00:40:44] UTN FRA LOGGER.INFO: metodo=PUT, URI=http%3A%2F%2Flocalhost%2Fparcial%2Fpublic, RUTA=egreso%2F, autoridad=localhost [] {"uid":"7e23de4"}
[2019-11-26 00:42:48] UTN FRA LOGGER.INFO: metodo=POST, URI=http%3A%2F%2Flocalhost%2Fparcial%2Fpublic, RUTA=login, autoridad=localhost [] {"uid":"0fb27ad"}
[2019-11-26 00:43:01] UTN FRA LOGGER.INFO: metodo=PUT, URI=http%3A%2F%2Flocalhost%2Fparcial%2Fpublic, RUTA=ingreso%2F, autoridad=localhost [] {"uid":"1617019"}
[2019-11-26 00:43:03] UTN FRA LOGGER.INFO: metodo=PUT, URI=http%3A%2F%2Flocalhost%2Fparcial%2Fpublic, RUTA=ingreso%2F, autoridad=localhost [] {"uid":"f433815"}
[2019-11-26 00:43:05] UTN FRA LOGGER.INFO: metodo=PUT, URI=http%3A%2F%2Flocalhost%2Fparcial%2Fpublic, RUTA=ingreso%2F, autoridad=localhost [] {"uid":"f83fb4f"}
[2019-11-26 00:43:17] UTN FRA LOGGER.INFO: metodo=PUT, URI=http%3A%2F%2Flocalhost%2Fparcial%2Fpublic, RUTA=egreso%2F, autoridad=localhost [] {"uid":"52ca709"}
[2019-11-26 00:43:20] UTN FRA LOGGER.INFO: metodo=PUT, URI=http%3A%2F%2Flocalhost%2Fparcial%2Fpublic, RUTA=egreso%2F, autoridad=localhost [] {"uid":"8fa8d89"}
[2019-11-26 00:43:23] UTN FRA LOGGER.INFO: metodo=PUT, URI=http%3A%2F%2Flocalhost%2Fparcial%2Fpublic, RUTA=ingreso%2F, autoridad=localhost [] {"uid":"1eef8b3"}
[2019-11-26 00:43:26] UTN FRA LOGGER.INFO: metodo=PUT, URI=http%3A%2F%2Flocalhost%2Fparcial%2Fpublic, RUTA=egreso%2F, autoridad=localhost [] {"uid":"735d580"}
[2019-11-26 00:44:26] UTN FRA LOGGER.INFO: metodo=PUT, URI=http%3A%2F%2Flocalhost%2Fparcial%2Fpublic, RUTA=ingreso%2F, autoridad=localhost [] {"uid":"daac3b6"}
[2019-11-26 00:52:16] UTN FRA LOGGER.INFO: metodo=PUT, URI=http%3A%2F%2Flocalhost%2Fparcial%2Fpublic, RUTA=ingreso%2F, autoridad=localhost [] {"uid":"6cd12d8"}
[2019-11-26 00:52:17] UTN FRA LOGGER.INFO: metodo=PUT, URI=http%3A%2F%2Flocalhost%2Fparcial%2Fpublic, RUTA=ingreso%2F, autoridad=localhost [] {"uid":"11f6c97"}
[2019-11-26 00:52:19] UTN FRA LOGGER.INFO: metodo=PUT, URI=http%3A%2F%2Flocalhost%2Fparcial%2Fpublic, RUTA=egreso%2F, autoridad=localhost [] {"uid":"674961f"}
[2019-11-26 00:52:24] UTN FRA LOGGER.INFO: metodo=PUT, URI=http%3A%2F%2Flocalhost%2Fparcial%2Fpublic, RUTA=egreso%2F, autoridad=localhost [] {"uid":"f43b8f0"}
[2019-11-26 00:52:25] UTN FRA LOGGER.INFO: metodo=PUT, URI=http%3A%2F%2Flocalhost%2Fparcial%2Fpublic, RUTA=egreso%2F, autoridad=localhost [] {"uid":"f517902"}
[2019-11-26 00:52:33] UTN FRA LOGGER.INFO: metodo=PUT, URI=http%3A%2F%2Flocalhost%2Fparcial%2Fpublic, RUTA=ingreso%2F, autoridad=localhost [] {"uid":"942c255"}
[2019-11-26 00:55:59] UTN FRA LOGGER.INFO: metodo=GET, URI=http%3A%2F%2Flocalhost%2Fparcial%2Fpublic, RUTA=ingreso%2F, autoridad=localhost [] {"uid":"dd53569"}
[2019-11-26 00:56:11] UTN FRA LOGGER.INFO: metodo=POST, URI=http%3A%2F%2Flocalhost%2Fparcial%2Fpublic, RUTA=login, autoridad=localhost [] {"uid":"2efeeb7"}
[2019-11-26 00:56:23] UTN FRA LOGGER.INFO: metodo=GET, URI=http%3A%2F%2Flocalhost%2Fparcial%2Fpublic, RUTA=ingreso%2F, autoridad=localhost [] {"uid":"0dc8ace"}
[2019-11-26 00:57:25] UTN FRA LOGGER.INFO: metodo=GET, URI=http%3A%2F%2Flocalhost%2Fparcial%2Fpublic, RUTA=ingreso%2F, autoridad=localhost [] {"uid":"1fe4096"}
[2019-11-26 00:57:45] UTN FRA LOGGER.INFO: metodo=PUT, URI=http%3A%2F%2Flocalhost%2Fparcial%2Fpublic, RUTA=ingreso%2F, autoridad=localhost [] {"uid":"1c443f6"}
[2019-11-26 00:57:53] UTN FRA LOGGER.INFO: metodo=PUT, URI=http%3A%2F%2Flocalhost%2Fparcial%2Fpublic, RUTA=egreso%2F, autoridad=localhost [] {"uid":"1135e1e"}
[2019-11-26 00:57:56] UTN FRA LOGGER.INFO: metodo=PUT, URI=http%3A%2F%2Flocalhost%2Fparcial%2Fpublic, RUTA=ingreso%2F, autoridad=localhost [] {"uid":"ca4e7b7"}
[2019-11-26 00:57:58] UTN FRA LOGGER.INFO: metodo=GET, URI=http%3A%2F%2Flocalhost%2Fparcial%2Fpublic, RUTA=ingreso%2F, autoridad=localhost [] {"uid":"6fcf969"}
[2019-11-26 01:27:27] UTN FRA LOGGER.INFO: metodo=GET, URI=http%3A%2F%2Flocalhost%2Fparcial%2Fpublic, RUTA=ingreso%2F, autoridad=localhost [] {"uid":"17858d9"}
